Arguments: 
  /Users/lucaseduardo/.nvm/versions/node/v14.20.0/bin/node /opt/homebrew/Cellar/yarn/1.22.19/libexec/bin/yarn.js add @types/ffprobe-installer__ffprobe

PATH: 
  /Users/lucaseduardo/.nvm/versions/node/v14.20.0/bin:/opt/homebrew/bin:/opt/homebrew/sbin:/usr/local/bin:/System/Cryptexes/App/usr/bin:/usr/bin:/bin:/usr/sbin:/sbin:/Library/Apple/usr/bin:/Users/lucaseduardo/Library/Android/sdk/platform-tools:/Users/lucaseduardo/.nvm/versions/node/v14.20.0/bin:/opt/homebrew/bin:/opt/homebrew/sbin:/Users/lucaseduardo/.fig/bin:/Users/lucaseduardo/.local/bin:/Applications/Visual Studio Code.app/Contents/Resources/app/bin:/Applications/Visual Studio Code.app/Contents/Resources/app/bin

Yarn version: 
  1.22.19

Node version: 
  14.20.0

Platform: 
  darwin x64

Trace: 
  Error: https://registry.yarnpkg.com/@types%2fffprobe-installer__ffprobe: Not found
      at Request.params.callback [as _callback] (/opt/homebrew/Cellar/yarn/1.22.19/libexec/lib/cli.js:66145:18)
      at Request.self.callback (/opt/homebrew/Cellar/yarn/1.22.19/libexec/lib/cli.js:140890:22)
      at Request.emit (events.js:400:28)
      at Request.<anonymous> (/opt/homebrew/Cellar/yarn/1.22.19/libexec/lib/cli.js:141862:10)
      at Request.emit (events.js:400:28)
      at IncomingMessage.<anonymous> (/opt/homebrew/Cellar/yarn/1.22.19/libexec/lib/cli.js:141784:12)
      at Object.onceWrapper (events.js:519:28)
      at IncomingMessage.emit (events.js:412:35)
      at endReadableNT (internal/streams/readable.js:1333:12)
      at processTicksAndRejections (internal/process/task_queues.js:82:21)

npm manifest: 
  {
    "name": "express-vercel",
    "version": "1.0.0",
    "description": "",
    "main": "index.js",
    "engines": {
      "node": "14.x"
    },
    "scripts": {
      "test": "echo \"Error: no test specified\" && exit 1"
    },
    "keywords": [],
    "author": "",
    "license": "ISC",
    "dependencies": {
      "@aws-sdk/client-s3": "^3.186.0",
      "@ffmpeg-installer/ffmpeg": "^1.1.0",
      "@ffprobe-installer/ffprobe": "^1.4.1",
      "@prisma/client": "4.4.0",
      "bcryptjs": "^2.4.3",
      "body-parser": "^1.20.1",
      "cors": "^2.8.5",
      "express": "^4.18.1",
      "ffmpeg": "^0.0.4",
      "fluent-ffmpeg": "^2.1.2",
      "jsonwebtoken": "^8.5.1",
      "morgan": "^1.10.0",
      "multer": "^1.4.5-lts.1",
      "multer-s3": "^3.0.1"
    },
    "devDependencies": {
      "prisma": "^4.4.0"
    }
  }

yarn manifest: 
  No manifest

Lockfile: 
  # THIS IS AN AUTOGENERATED FILE. DO NOT EDIT THIS FILE DIRECTLY.
  # yarn lockfile v1
  
  
  "@aws-crypto/crc32@2.0.0":
    "integrity" "sha512-TvE1r2CUueyXOuHdEigYjIZVesInd9KN+K/TFFNfkkxRThiNxO6i4ZqqAVMoEjAamZZ1AA8WXJkjCz7YShHPQA=="
    "resolved" "https://registry.npmjs.org/@aws-crypto/crc32/-/crc32-2.0.0.tgz"
    "version" "2.0.0"
    dependencies:
      "@aws-crypto/util" "^2.0.0"
      "@aws-sdk/types" "^3.1.0"
      "tslib" "^1.11.1"
  
  "@aws-crypto/crc32c@2.0.0":
    "integrity" "sha512-vF0eMdMHx3O3MoOXUfBZry8Y4ZDtcuskjjKgJz8YfIDjLStxTZrYXk+kZqtl6A0uCmmiN/Eb/JbC/CndTV1MHg=="
    "resolved" "https://registry.npmjs.org/@aws-crypto/crc32c/-/crc32c-2.0.0.tgz"
    "version" "2.0.0"
    dependencies:
      "@aws-crypto/util" "^2.0.0"
      "@aws-sdk/types" "^3.1.0"
      "tslib" "^1.11.1"
  
  "@aws-crypto/ie11-detection@^2.0.0":
    "integrity" "sha512-5XDMQY98gMAf/WRTic5G++jfmS/VLM0rwpiOpaainKi4L0nqWMSB1SzsrEG5rjFZGYN6ZAefO+/Yta2dFM0kMw=="
    "resolved" "https://registry.npmjs.org/@aws-crypto/ie11-detection/-/ie11-detection-2.0.2.tgz"
    "version" "2.0.2"
    dependencies:
      "tslib" "^1.11.1"
  
  "@aws-crypto/sha1-browser@2.0.0":
    "integrity" "sha512-3fIVRjPFY8EG5HWXR+ZJZMdWNRpwbxGzJ9IH9q93FpbgCH8u8GHRi46mZXp3cYD7gealmyqpm3ThZwLKJjWJhA=="
    "resolved" "https://registry.npmjs.org/@aws-crypto/sha1-browser/-/sha1-browser-2.0.0.tgz"
    "version" "2.0.0"
    dependencies:
      "@aws-crypto/ie11-detection" "^2.0.0"
      "@aws-crypto/supports-web-crypto" "^2.0.0"
      "@aws-sdk/types" "^3.1.0"
      "@aws-sdk/util-locate-window" "^3.0.0"
      "@aws-sdk/util-utf8-browser" "^3.0.0"
      "tslib" "^1.11.1"
  
  "@aws-crypto/sha256-browser@2.0.0":
    "integrity" "sha512-rYXOQ8BFOaqMEHJrLHul/25ckWH6GTJtdLSajhlqGMx0PmSueAuvboCuZCTqEKlxR8CQOwRarxYMZZSYlhRA1A=="
    "resolved" "https://registry.npmjs.org/@aws-crypto/sha256-browser/-/sha256-browser-2.0.0.tgz"
    "version" "2.0.0"
    dependencies:
      "@aws-crypto/ie11-detection" "^2.0.0"
      "@aws-crypto/sha256-js" "^2.0.0"
      "@aws-crypto/supports-web-crypto" "^2.0.0"
      "@aws-crypto/util" "^2.0.0"
      "@aws-sdk/types" "^3.1.0"
      "@aws-sdk/util-locate-window" "^3.0.0"
      "@aws-sdk/util-utf8-browser" "^3.0.0"
      "tslib" "^1.11.1"
  
  "@aws-crypto/sha256-js@^2.0.0", "@aws-crypto/sha256-js@2.0.0":
    "integrity" "sha512-VZY+mCY4Nmrs5WGfitmNqXzaE873fcIZDu54cbaDaaamsaTOP1DBImV9F4pICc3EHjQXujyE8jig+PFCaew9ig=="
    "resolved" "https://registry.npmjs.org/@aws-crypto/sha256-js/-/sha256-js-2.0.0.tgz"
    "version" "2.0.0"
    dependencies:
      "@aws-crypto/util" "^2.0.0"
      "@aws-sdk/types" "^3.1.0"
      "tslib" "^1.11.1"
  
  "@aws-crypto/supports-web-crypto@^2.0.0":
    "integrity" "sha512-6mbSsLHwZ99CTOOswvCRP3C+VCWnzBf+1SnbWxzzJ9lR0mA0JnY2JEAhp8rqmTE0GPFy88rrM27ffgp62oErMQ=="
    "resolved" "https://registry.npmjs.org/@aws-crypto/supports-web-crypto/-/supports-web-crypto-2.0.2.tgz"
    "version" "2.0.2"
    dependencies:
      "tslib" "^1.11.1"
  
  "@aws-crypto/util@^2.0.0":
    "integrity" "sha512-Lgu5v/0e/BcrZ5m/IWqzPUf3UYFTy/PpeED+uc9SWUR1iZQL8XXbGQg10UfllwwBryO3hFF5dizK+78aoXC1eA=="
    "resolved" "https://registry.npmjs.org/@aws-crypto/util/-/util-2.0.2.tgz"
    "version" "2.0.2"
    dependencies:
      "@aws-sdk/types" "^3.110.0"
      "@aws-sdk/util-utf8-browser" "^3.0.0"
      "tslib" "^1.11.1"
  
  "@aws-sdk/abort-controller@^3.0.0", "@aws-sdk/abort-controller@3.186.0":
    "integrity" "sha512-JFvvvtEcbYOvVRRXasi64Dd1VcOz5kJmPvtzsJ+HzMHvPbGGs/aopOJAZQJMJttzJmJwVTay0QL6yag9Kk8nYA=="
    "resolved" "https://registry.npmjs.org/@aws-sdk/abort-controller/-/abort-controller-3.186.0.tgz"
    "version" "3.186.0"
    dependencies:
      "@aws-sdk/types" "3.186.0"
      "tslib" "^2.3.1"
  
  "@aws-sdk/chunked-blob-reader-native@3.186.0":
    "integrity" "sha512-klbrNZYWRhfkRMSK9NJObXgU9DD1lqYufH0BjeoYgApg5Dsywa+GpN/1DQveKTxGs08GFnhsc27dJLcNJCmAXw=="
    "resolved" "https://registry.npmjs.org/@aws-sdk/chunked-blob-reader-native/-/chunked-blob-reader-native-3.186.0.tgz"
    "version" "3.186.0"
    dependencies:
      "@aws-sdk/util-base64-browser" "3.186.0"
      "tslib" "^2.3.1"
  
  "@aws-sdk/chunked-blob-reader@3.186.0":
    "integrity" "sha512-ChpW/teYM0vhV4vG7/ZE4zwr2IWrLX+R/s6LulqgC9x/5fngMUAjT7D8V9UgoCwjKosxBEaKEKuGcgBdODGndg=="
    "resolved" "https://registry.npmjs.org/@aws-sdk/chunked-blob-reader/-/chunked-blob-reader-3.186.0.tgz"
    "version" "3.186.0"
    dependencies:
      "tslib" "^2.3.1"
  
  "@aws-sdk/client-s3@^3.0.0", "@aws-sdk/client-s3@^3.186.0":
    "integrity" "sha512-tUvUkqKh1MQ8g4HDJyekZnSVjJ44pjo0QZmrV9gwpnyCymYoxPShz5zT5CsYyXYTOx81yxIBw6/mkFKEJ8MZ2g=="
    "resolved" "https://registry.npmjs.org/@aws-sdk/client-s3/-/client-s3-3.186.0.tgz"
    "version" "3.186.0"
    dependencies:
      "@aws-crypto/sha1-browser" "2.0.0"
      "@aws-crypto/sha256-browser" "2.0.0"
      "@aws-crypto/sha256-js" "2.0.0"
      "@aws-sdk/client-sts" "3.186.0"
      "@aws-sdk/config-resolver" "3.186.0"
      "@aws-sdk/credential-provider-node" "3.186.0"
      "@aws-sdk/eventstream-serde-browser" "3.186.0"
      "@aws-sdk/eventstream-serde-config-resolver" "3.186.0"
      "@aws-sdk/eventstream-serde-node" "3.186.0"
      "@aws-sdk/fetch-http-handler" "3.186.0"
      "@aws-sdk/hash-blob-browser" "3.186.0"
      "@aws-sdk/hash-node" "3.186.0"
      "@aws-sdk/hash-stream-node" "3.186.0"
      "@aws-sdk/invalid-dependency" "3.186.0"
      "@aws-sdk/md5-js" "3.186.0"
      "@aws-sdk/middleware-bucket-endpoint" "3.186.0"
      "@aws-sdk/middleware-content-length" "3.186.0"
      "@aws-sdk/middleware-expect-continue" "3.186.0"
      "@aws-sdk/middleware-flexible-checksums" "3.186.0"
      "@aws-sdk/middleware-host-header" "3.186.0"
      "@aws-sdk/middleware-location-constraint" "3.186.0"
      "@aws-sdk/middleware-logger" "3.186.0"
      "@aws-sdk/middleware-recursion-detection" "3.186.0"
      "@aws-sdk/middleware-retry" "3.186.0"
      "@aws-sdk/middleware-sdk-s3" "3.186.0"
      "@aws-sdk/middleware-serde" "3.186.0"
      "@aws-sdk/middleware-signing" "3.186.0"
      "@aws-sdk/middleware-ssec" "3.186.0"
      "@aws-sdk/middleware-stack" "3.186.0"
      "@aws-sdk/middleware-user-agent" "3.186.0"
      "@aws-sdk/node-config-provider" "3.186.0"
      "@aws-sdk/node-http-handler" "3.186.0"
      "@aws-sdk/protocol-http" "3.186.0"
      "@aws-sdk/signature-v4-multi-region" "3.186.0"
      "@aws-sdk/smithy-client" "3.186.0"
      "@aws-sdk/types" "3.186.0"
      "@aws-sdk/url-parser" "3.186.0"
      "@aws-sdk/util-base64-browser" "3.186.0"
      "@aws-sdk/util-base64-node" "3.186.0"
      "@aws-sdk/util-body-length-browser" "3.186.0"
      "@aws-sdk/util-body-length-node" "3.186.0"
      "@aws-sdk/util-defaults-mode-browser" "3.186.0"
      "@aws-sdk/util-defaults-mode-node" "3.186.0"
      "@aws-sdk/util-stream-browser" "3.186.0"
      "@aws-sdk/util-stream-node" "3.186.0"
      "@aws-sdk/util-user-agent-browser" "3.186.0"
      "@aws-sdk/util-user-agent-node" "3.186.0"
      "@aws-sdk/util-utf8-browser" "3.186.0"
      "@aws-sdk/util-utf8-node" "3.186.0"
      "@aws-sdk/util-waiter" "3.186.0"
      "@aws-sdk/xml-builder" "3.186.0"
      "entities" "2.2.0"
      "fast-xml-parser" "3.19.0"
      "tslib" "^2.3.1"
  
  "@aws-sdk/client-sso@3.186.0":
    "integrity" "sha512-qwLPomqq+fjvp42izzEpBEtGL2+dIlWH5pUCteV55hTEwHgo+m9LJPIrMWkPeoMBzqbNiu5n6+zihnwYlCIlEA=="
    "resolved" "https://registry.npmjs.org/@aws-sdk/client-sso/-/client-sso-3.186.0.tgz"
    "version" "3.186.0"
    dependencies:
      "@aws-crypto/sha256-browser" "2.0.0"
      "@aws-crypto/sha256-js" "2.0.0"
      "@aws-sdk/config-resolver" "3.186.0"
      "@aws-sdk/fetch-http-handler" "3.186.0"
      "@aws-sdk/hash-node" "3.186.0"
      "@aws-sdk/invalid-dependency" "3.186.0"
      "@aws-sdk/middleware-content-length" "3.186.0"
      "@aws-sdk/middleware-host-header" "3.186.0"
      "@aws-sdk/middleware-logger" "3.186.0"
      "@aws-sdk/middleware-recursion-detection" "3.186.0"
      "@aws-sdk/middleware-retry" "3.186.0"
      "@aws-sdk/middleware-serde" "3.186.0"
      "@aws-sdk/middleware-stack" "3.186.0"
      "@aws-sdk/middleware-user-agent" "3.186.0"
      "@aws-sdk/node-config-provider" "3.186.0"
      "@aws-sdk/node-http-handler" "3.186.0"
      "@aws-sdk/protocol-http" "3.186.0"
      "@aws-sdk/smithy-client" "3.186.0"
      "@aws-sdk/types" "3.186.0"
      "@aws-sdk/url-parser" "3.186.0"
      "@aws-sdk/util-base64-browser" "3.186.0"
      "@aws-sdk/util-base64-node" "3.186.0"
      "@aws-sdk/util-body-length-browser" "3.186.0"
      "@aws-sdk/util-body-length-node" "3.186.0"
      "@aws-sdk/util-defaults-mode-browser" "3.186.0"
      "@aws-sdk/util-defaults-mode-node" "3.186.0"
      "@aws-sdk/util-user-agent-browser" "3.186.0"
      "@aws-sdk/util-user-agent-node" "3.186.0"
      "@aws-sdk/util-utf8-browser" "3.186.0"
      "@aws-sdk/util-utf8-node" "3.186.0"
      "tslib" "^2.3.1"
  
  "@aws-sdk/client-sts@3.186.0":
    "integrity" "sha512-lyAPI6YmIWWYZHQ9fBZ7QgXjGMTtktL5fk8kOcZ98ja+8Vu0STH1/u837uxqvZta8/k0wijunIL3jWUhjsNRcg=="
    "resolved" "https://registry.npmjs.org/@aws-sdk/client-sts/-/client-sts-3.186.0.tgz"
    "version" "3.186.0"
    dependencies:
      "@aws-crypto/sha256-browser" "2.0.0"
      "@aws-crypto/sha256-js" "2.0.0"
      "@aws-sdk/config-resolver" "3.186.0"
      "@aws-sdk/credential-provider-node" "3.186.0"
      "@aws-sdk/fetch-http-handler" "3.186.0"
      "@aws-sdk/hash-node" "3.186.0"
      "@aws-sdk/invalid-dependency" "3.186.0"
      "@aws-sdk/middleware-content-length" "3.186.0"
      "@aws-sdk/middleware-host-header" "3.186.0"
      "@aws-sdk/middleware-logger" "3.186.0"
      "@aws-sdk/middleware-recursion-detection" "3.186.0"
      "@aws-sdk/middleware-retry" "3.186.0"
      "@aws-sdk/middleware-sdk-sts" "3.186.0"
      "@aws-sdk/middleware-serde" "3.186.0"
      "@aws-sdk/middleware-signing" "3.186.0"
      "@aws-sdk/middleware-stack" "3.186.0"
      "@aws-sdk/middleware-user-agent" "3.186.0"
      "@aws-sdk/node-config-provider" "3.186.0"
      "@aws-sdk/node-http-handler" "3.186.0"
      "@aws-sdk/protocol-http" "3.186.0"
      "@aws-sdk/smithy-client" "3.186.0"
      "@aws-sdk/types" "3.186.0"
      "@aws-sdk/url-parser" "3.186.0"
      "@aws-sdk/util-base64-browser" "3.186.0"
      "@aws-sdk/util-base64-node" "3.186.0"
      "@aws-sdk/util-body-length-browser" "3.186.0"
      "@aws-sdk/util-body-length-node" "3.186.0"
      "@aws-sdk/util-defaults-mode-browser" "3.186.0"
      "@aws-sdk/util-defaults-mode-node" "3.186.0"
      "@aws-sdk/util-user-agent-browser" "3.186.0"
      "@aws-sdk/util-user-agent-node" "3.186.0"
      "@aws-sdk/util-utf8-browser" "3.186.0"
      "@aws-sdk/util-utf8-node" "3.186.0"
      "entities" "2.2.0"
      "fast-xml-parser" "3.19.0"
      "tslib" "^2.3.1"
  
  "@aws-sdk/config-resolver@3.186.0":
    "integrity" "sha512-l8DR7Q4grEn1fgo2/KvtIfIHJS33HGKPQnht8OPxkl0dMzOJ0jxjOw/tMbrIcPnr2T3Fi7LLcj3dY1Fo1poruQ=="
    "resolved" "https://registry.npmjs.org/@aws-sdk/config-resolver/-/config-resolver-3.186.0.tgz"
    "version" "3.186.0"
    dependencies:
      "@aws-sdk/signature-v4" "3.186.0"
      "@aws-sdk/types" "3.186.0"
      "@aws-sdk/util-config-provider" "3.186.0"
      "@aws-sdk/util-middleware" "3.186.0"
      "tslib" "^2.3.1"
  
  "@aws-sdk/credential-provider-env@3.186.0":
    "integrity" "sha512-N9LPAqi1lsQWgxzmU4NPvLPnCN5+IQ3Ai1IFf3wM6FFPNoSUd1kIA2c6xaf0BE7j5Kelm0raZOb4LnV3TBAv+g=="
    "resolved" "https://registry.npmjs.org/@aws-sdk/credential-provider-env/-/credential-provider-env-3.186.0.tgz"
    "version" "3.186.0"
    dependencies:
      "@aws-sdk/property-provider" "3.186.0"
      "@aws-sdk/types" "3.186.0"
      "tslib" "^2.3.1"
  
  "@aws-sdk/credential-provider-imds@3.186.0":
    "integrity" "sha512-iJeC7KrEgPPAuXjCZ3ExYZrRQvzpSdTZopYgUm5TnNZ8S1NU/4nvv5xVy61JvMj3JQAeG8UDYYgC421Foc8wQw=="
    "resolved" "https://registry.npmjs.org/@aws-sdk/credential-provider-imds/-/credential-provider-imds-3.186.0.tgz"
    "version" "3.186.0"
    dependencies:
      "@aws-sdk/node-config-provider" "3.186.0"
      "@aws-sdk/property-provider" "3.186.0"
      "@aws-sdk/types" "3.186.0"
      "@aws-sdk/url-parser" "3.186.0"
      "tslib" "^2.3.1"
  
  "@aws-sdk/credential-provider-ini@3.186.0":
    "integrity" "sha512-ecrFh3MoZhAj5P2k/HXo/hMJQ3sfmvlommzXuZ/D1Bj2yMcyWuBhF1A83Fwd2gtYrWRrllsK3IOMM5Jr8UIVZA=="
    "resolved" "https://registry.npmjs.org/@aws-sdk/credential-provider-ini/-/credential-provider-ini-3.186.0.tgz"
    "version" "3.186.0"
    dependencies:
      "@aws-sdk/credential-provider-env" "3.186.0"
      "@aws-sdk/credential-provider-imds" "3.186.0"
      "@aws-sdk/credential-provider-sso" "3.186.0"
      "@aws-sdk/credential-provider-web-identity" "3.186.0"
      "@aws-sdk/property-provider" "3.186.0"
      "@aws-sdk/shared-ini-file-loader" "3.186.0"
      "@aws-sdk/types" "3.186.0"
      "tslib" "^2.3.1"
  
  "@aws-sdk/credential-provider-node@3.186.0":
    "integrity" "sha512-HIt2XhSRhEvVgRxTveLCzIkd/SzEBQfkQ6xMJhkBtfJw1o3+jeCk+VysXM0idqmXytctL0O3g9cvvTHOsUgxOA=="
    "resolved" "https://registry.npmjs.org/@aws-sdk/credential-provider-node/-/credential-provider-node-3.186.0.tgz"
    "version" "3.186.0"
    dependencies:
      "@aws-sdk/credential-provider-env" "3.186.0"
      "@aws-sdk/credential-provider-imds" "3.186.0"
      "@aws-sdk/credential-provider-ini" "3.186.0"
      "@aws-sdk/credential-provider-process" "3.186.0"
      "@aws-sdk/credential-provider-sso" "3.186.0"
      "@aws-sdk/credential-provider-web-identity" "3.186.0"
      "@aws-sdk/property-provider" "3.186.0"
      "@aws-sdk/shared-ini-file-loader" "3.186.0"
      "@aws-sdk/types" "3.186.0"
      "tslib" "^2.3.1"
  
  "@aws-sdk/credential-provider-process@3.186.0":
    "integrity" "sha512-ATRU6gbXvWC1TLnjOEZugC/PBXHBoZgBADid4fDcEQY1vF5e5Ux1kmqkJxyHtV5Wl8sE2uJfwWn+FlpUHRX67g=="
    "resolved" "https://registry.npmjs.org/@aws-sdk/credential-provider-process/-/credential-provider-process-3.186.0.tgz"
    "version" "3.186.0"
    dependencies:
      "@aws-sdk/property-provider" "3.186.0"
      "@aws-sdk/shared-ini-file-loader" "3.186.0"
      "@aws-sdk/types" "3.186.0"
      "tslib" "^2.3.1"
  
  "@aws-sdk/credential-provider-sso@3.186.0":
    "integrity" "sha512-mJ+IZljgXPx99HCmuLgBVDPLepHrwqnEEC/0wigrLCx6uz3SrAWmGZsNbxSEtb2CFSAaczlTHcU/kIl7XZIyeQ=="
    "resolved" "https://registry.npmjs.org/@aws-sdk/credential-provider-sso/-/credential-provider-sso-3.186.0.tgz"
    "version" "3.186.0"
    dependencies:
      "@aws-sdk/client-sso" "3.186.0"
      "@aws-sdk/property-provider" "3.186.0"
      "@aws-sdk/shared-ini-file-loader" "3.186.0"
      "@aws-sdk/types" "3.186.0"
      "tslib" "^2.3.1"
  
  "@aws-sdk/credential-provider-web-identity@3.186.0":
    "integrity" "sha512-KqzI5eBV72FE+8SuOQAu+r53RXGVHg4AuDJmdXyo7Gc4wS/B9FNElA8jVUjjYgVnf0FSiri+l41VzQ44dCopSA=="
    "resolved" "https://registry.npmjs.org/@aws-sdk/credential-provider-web-identity/-/credential-provider-web-identity-3.186.0.tgz"
    "version" "3.186.0"
    dependencies:
      "@aws-sdk/property-provider" "3.186.0"
      "@aws-sdk/types" "3.186.0"
      "tslib" "^2.3.1"
  
  "@aws-sdk/eventstream-codec@3.186.0":
    "integrity" "sha512-3kLcJ0/H+zxFlhTlE1SGoFpzd/SitwXOsTSlYVwrwdISKRjooGg0BJpm1CSTkvmWnQIUlYijJvS96TAJ+fCPIA=="
    "resolved" "https://registry.npmjs.org/@aws-sdk/eventstream-codec/-/eventstream-codec-3.186.0.tgz"
    "version" "3.186.0"
    dependencies:
      "@aws-crypto/crc32" "2.0.0"
      "@aws-sdk/types" "3.186.0"
      "@aws-sdk/util-hex-encoding" "3.186.0"
      "tslib" "^2.3.1"
  
  "@aws-sdk/eventstream-serde-browser@3.186.0":
    "integrity" "sha512-0r2c+yugBdkP5bglGhGOgztjeHdHTKqu2u6bvTByM0nJShNO9YyqWygqPqDUOE5axcYQE1D0aFDGzDtP3mGJhw=="
    "resolved" "https://registry.npmjs.org/@aws-sdk/eventstream-serde-browser/-/eventstream-serde-browser-3.186.0.tgz"
    "version" "3.186.0"
    dependencies:
      "@aws-sdk/eventstream-serde-universal" "3.186.0"
      "@aws-sdk/types" "3.186.0"
      "tslib" "^2.3.1"
  
  "@aws-sdk/eventstream-serde-config-resolver@3.186.0":
    "integrity" "sha512-xhwCqYrAX5c7fg9COXVw6r7Sa3BO5cCfQMSR5S1QisE7do8K1GDKEHvUCheOx+RLon+P3glLjuNBMdD0HfCVNA=="
    "resolved" "https://registry.npmjs.org/@aws-sdk/eventstream-serde-config-resolver/-/eventstream-serde-config-resolver-3.186.0.tgz"
    "version" "3.186.0"
    dependencies:
      "@aws-sdk/types" "3.186.0"
      "tslib" "^2.3.1"
  
  "@aws-sdk/eventstream-serde-node@3.186.0":
    "integrity" "sha512-9p/gdukJYfmA+OEYd6MfIuufxrrfdt15lBDM3FODuc9j09LSYSRHSxthkIhiM5XYYaaUM+4R0ZlSMdaC3vFDFQ=="
    "resolved" "https://registry.npmjs.org/@aws-sdk/eventstream-serde-node/-/eventstream-serde-node-3.186.0.tgz"
    "version" "3.186.0"
    dependencies:
      "@aws-sdk/eventstream-serde-universal" "3.186.0"
      "@aws-sdk/types" "3.186.0"
      "tslib" "^2.3.1"
  
  "@aws-sdk/eventstream-serde-universal@3.186.0":
    "integrity" "sha512-rIgPmwUxn2tzainBoh+cxAF+b7o01CcW+17yloXmawsi0kiR7QK7v9m/JTGQPWKtHSsPOrtRzuiWQNX57SlcsQ=="
    "resolved" "https://registry.npmjs.org/@aws-sdk/eventstream-serde-universal/-/eventstream-serde-universal-3.186.0.tgz"
    "version" "3.186.0"
    dependencies:
      "@aws-sdk/eventstream-codec" "3.186.0"
      "@aws-sdk/types" "3.186.0"
      "tslib" "^2.3.1"
  
  "@aws-sdk/fetch-http-handler@3.186.0":
    "integrity" "sha512-k2v4AAHRD76WnLg7arH94EvIclClo/YfuqO7NoQ6/KwOxjRhs4G6TgIsAZ9E0xmqoJoV81Xqy8H8ldfy9F8LEw=="
    "resolved" "https://registry.npmjs.org/@aws-sdk/fetch-http-handler/-/fetch-http-handler-3.186.0.tgz"
    "version" "3.186.0"
    dependencies:
      "@aws-sdk/protocol-http" "3.186.0"
      "@aws-sdk/querystring-builder" "3.186.0"
      "@aws-sdk/types" "3.186.0"
      "@aws-sdk/util-base64-browser" "3.186.0"
      "tslib" "^2.3.1"
  
  "@aws-sdk/hash-blob-browser@3.186.0":
    "integrity" "sha512-u8QvmXGySqy2QRbkAfx1bX/idSiejuy2q3WKamGysy9Ylogprr5kq2v0E+7vnLo9rBjuquUbVvI5eskIgZDMmg=="
    "resolved" "https://registry.npmjs.org/@aws-sdk/hash-blob-browser/-/hash-blob-browser-3.186.0.tgz"
    "version" "3.186.0"
    dependencies:
      "@aws-sdk/chunked-blob-reader" "3.186.0"
      "@aws-sdk/chunked-blob-reader-native" "3.186.0"
      "@aws-sdk/types" "3.186.0"
      "tslib" "^2.3.1"
  
  "@aws-sdk/hash-node@3.186.0":
    "integrity" "sha512-G3zuK8/3KExDTxqrGqko+opOMLRF0BwcwekV/wm3GKIM/NnLhHblBs2zd/yi7VsEoWmuzibfp6uzxgFpEoJ87w=="
    "resolved" "https://registry.npmjs.org/@aws-sdk/hash-node/-/hash-node-3.186.0.tgz"
    "version" "3.186.0"
    dependencies:
      "@aws-sdk/types" "3.186.0"
      "@aws-sdk/util-buffer-from" "3.186.0"
      "tslib" "^2.3.1"
  
  "@aws-sdk/hash-stream-node@3.186.0":
    "integrity" "sha512-n+VphPuMbl2iKrW1zVpoqQQDuPej/Hr4+I5UdZC39Cq/XfgDqh6QDy73Q9OypGuyEKrxZ5E5Pa+BWi4pGtt08w=="
    "resolved" "https://registry.npmjs.org/@aws-sdk/hash-stream-node/-/hash-stream-node-3.186.0.tgz"
    "version" "3.186.0"
    dependencies:
      "@aws-sdk/types" "3.186.0"
      "tslib" "^2.3.1"
  
  "@aws-sdk/invalid-dependency@3.186.0":
    "integrity" "sha512-hjeZKqORhG2DPWYZ776lQ9YO3gjw166vZHZCZU/43kEYaCZHsF4mexHwHzreAY6RfS25cH60Um7dUh1aeVIpkw=="
    "resolved" "https://registry.npmjs.org/@aws-sdk/invalid-dependency/-/invalid-dependency-3.186.0.tgz"
    "version" "3.186.0"
    dependencies:
      "@aws-sdk/types" "3.186.0"
      "tslib" "^2.3.1"
  
  "@aws-sdk/is-array-buffer@3.186.0":
    "integrity" "sha512-fObm+P6mjWYzxoFY4y2STHBmSdgKbIAXez0xope563mox62I8I4hhVPUCaDVydXvDpJv8tbedJMk0meJl22+xA=="
    "resolved" "https://registry.npmjs.org/@aws-sdk/is-array-buffer/-/is-array-buffer-3.186.0.tgz"
    "version" "3.186.0"
    dependencies:
      "tslib" "^2.3.1"
  
  "@aws-sdk/lib-storage@^3.46.0":
    "integrity" "sha512-BIJE9t65Cgjg7wHmc2anYqMTjDpXbghbJ0jXobk4u41fbioxJujdx9oXHqCAgQn17d66x3g7XugR6MrF31NeBQ=="
    "resolved" "https://registry.npmjs.org/@aws-sdk/lib-storage/-/lib-storage-3.186.0.tgz"
    "version" "3.186.0"
    dependencies:
      "@aws-sdk/middleware-endpoint" "3.186.0"
      "@aws-sdk/smithy-client" "3.186.0"
      "buffer" "5.6.0"
      "events" "3.3.0"
      "stream-browserify" "3.0.0"
      "tslib" "^2.3.1"
  
  "@aws-sdk/md5-js@3.186.0":
    "integrity" "sha512-Pp86oeTi8qtfY4fIZYrHOqRWJc0PjolxETdtWBUhtjC8HY81ckZMqe+5Aosy8mtQJus/k83S0CJAyfE2ko/a6Q=="
    "resolved" "https://registry.npmjs.org/@aws-sdk/md5-js/-/md5-js-3.186.0.tgz"
    "version" "3.186.0"
    dependencies:
      "@aws-sdk/types" "3.186.0"
      "@aws-sdk/util-utf8-browser" "3.186.0"
      "@aws-sdk/util-utf8-node" "3.186.0"
      "tslib" "^2.3.1"
  
  "@aws-sdk/middleware-bucket-endpoint@3.186.0":
    "integrity" "sha512-Vrb/ZXxWohhq86lGnp8E+H9AyNJFEt70fjFavkMCrQe7mx4+WHNc5agsTRPF+IESV0MgsbDtELP72Gzqc4fpWQ=="
    "resolved" "https://registry.npmjs.org/@aws-sdk/middleware-bucket-endpoint/-/middleware-bucket-endpoint-3.186.0.tgz"
    "version" "3.186.0"
    dependencies:
      "@aws-sdk/protocol-http" "3.186.0"
      "@aws-sdk/types" "3.186.0"
      "@aws-sdk/util-arn-parser" "3.186.0"
      "@aws-sdk/util-config-provider" "3.186.0"
      "tslib" "^2.3.1"
  
  "@aws-sdk/middleware-content-length@3.186.0":
    "integrity" "sha512-Ol3c1ks3IK1s+Okc/rHIX7w2WpXofuQdoAEme37gHeml+8FtUlWH/881h62xfMdf+0YZpRuYv/eM7lBmJBPNJw=="
    "resolved" "https://registry.npmjs.org/@aws-sdk/middleware-content-length/-/middleware-content-length-3.186.0.tgz"
    "version" "3.186.0"
    dependencies:
      "@aws-sdk/protocol-http" "3.186.0"
      "@aws-sdk/types" "3.186.0"
      "tslib" "^2.3.1"
  
  "@aws-sdk/middleware-endpoint@3.186.0":
    "integrity" "sha512-cQCxFkx+ggb+O16000JZHDbM7m4+4L0cGoY8mVcEtcgWjT8eNgrI2enXqC6tAI4e9hitpNzFb3JMbc1aQG37uQ=="
    "resolved" "https://registry.npmjs.org/@aws-sdk/middleware-endpoint/-/middleware-endpoint-3.186.0.tgz"
    "version" "3.186.0"
    dependencies:
      "@aws-sdk/middleware-serde" "3.186.0"
      "@aws-sdk/protocol-http" "3.186.0"
      "@aws-sdk/signature-v4" "3.186.0"
      "@aws-sdk/types" "3.186.0"
      "@aws-sdk/url-parser" "3.186.0"
      "@aws-sdk/util-config-provider" "3.186.0"
      "@aws-sdk/util-middleware" "3.186.0"
      "tslib" "^2.3.1"
  
  "@aws-sdk/middleware-expect-continue@3.186.0":
    "integrity" "sha512-ITGzpajC5jPl+1TDRJCWb2ASQuy0qcMijKP6xcCRPcuAyHPgrH59f+3CCfqNcnehNJptHoD5hFIU6r+WcOF8hQ=="
    "resolved" "https://registry.npmjs.org/@aws-sdk/middleware-expect-continue/-/middleware-expect-continue-3.186.0.tgz"
    "version" "3.186.0"
    dependencies:
      "@aws-sdk/protocol-http" "3.186.0"
      "@aws-sdk/types" "3.186.0"
      "tslib" "^2.3.1"
  
  "@aws-sdk/middleware-flexible-checksums@3.186.0":
    "integrity" "sha512-zb1a5b2JHNMbD0pkozs/TLIfxbvZVpAcF947LEDblD5OsC8UW/a3hTVDvq7K7TLT6jgrgEzMKJbqoxqGzPQlLA=="
    "resolved" "https://registry.npmjs.org/@aws-sdk/middleware-flexible-checksums/-/middleware-flexible-checksums-3.186.0.tgz"
    "version" "3.186.0"
    dependencies:
      "@aws-crypto/crc32" "2.0.0"
      "@aws-crypto/crc32c" "2.0.0"
      "@aws-sdk/is-array-buffer" "3.186.0"
      "@aws-sdk/protocol-http" "3.186.0"
      "@aws-sdk/types" "3.186.0"
      "tslib" "^2.3.1"
  
  "@aws-sdk/middleware-host-header@3.186.0":
    "integrity" "sha512-5bTzrRzP2IGwyF3QCyMGtSXpOOud537x32htZf344IvVjrqZF/P8CDfGTkHkeBCIH+wnJxjK+l/QBb3ypAMIqQ=="
    "resolved" "https://registry.npmjs.org/@aws-sdk/middleware-host-header/-/middleware-host-header-3.186.0.tgz"
    "version" "3.186.0"
    dependencies:
      "@aws-sdk/protocol-http" "3.186.0"
      "@aws-sdk/types" "3.186.0"
      "tslib" "^2.3.1"
  
  "@aws-sdk/middleware-location-constraint@3.186.0":
    "integrity" "sha512-86swCv/+BYhXMCiAU6rVRk/z009bfpGfjnVBuoFfFbHp6zS3Ak11UotTzhw/Yyiyb06p/qL4vFfRERrMYnpmew=="
    "resolved" "https://registry.npmjs.org/@aws-sdk/middleware-location-constraint/-/middleware-location-constraint-3.186.0.tgz"
    "version" "3.186.0"
    dependencies:
      "@aws-sdk/types" "3.186.0"
      "tslib" "^2.3.1"
  
  "@aws-sdk/middleware-logger@3.186.0":
    "integrity" "sha512-/1gGBImQT8xYh80pB7QtyzA799TqXtLZYQUohWAsFReYB7fdh5o+mu2rX0FNzZnrLIh2zBUNs4yaWGsnab4uXg=="
    "resolved" "https://registry.npmjs.org/@aws-sdk/middleware-logger/-/middleware-logger-3.186.0.tgz"
    "version" "3.186.0"
    dependencies:
      "@aws-sdk/types" "3.186.0"
      "tslib" "^2.3.1"
  
  "@aws-sdk/middleware-recursion-detection@3.186.0":
    "integrity" "sha512-Za7k26Kovb4LuV5tmC6wcVILDCt0kwztwSlB991xk4vwNTja8kKxSt53WsYG8Q2wSaW6UOIbSoguZVyxbIY07Q=="
    "resolved" "https://registry.npmjs.org/@aws-sdk/middleware-recursion-detection/-/middleware-recursion-detection-3.186.0.tgz"
    "version" "3.186.0"
    dependencies:
      "@aws-sdk/protocol-http" "3.186.0"
      "@aws-sdk/types" "3.186.0"
      "tslib" "^2.3.1"
  
  "@aws-sdk/middleware-retry@3.186.0":
    "integrity" "sha512-/VI9emEKhhDzlNv9lQMmkyxx3GjJ8yPfXH3HuAeOgM1wx1BjCTLRYEWnTbQwq7BDzVENdneleCsGAp7yaj80Aw=="
    "resolved" "https://registry.npmjs.org/@aws-sdk/middleware-retry/-/middleware-retry-3.186.0.tgz"
    "version" "3.186.0"
    dependencies:
      "@aws-sdk/protocol-http" "3.186.0"
      "@aws-sdk/service-error-classification" "3.186.0"
      "@aws-sdk/types" "3.186.0"
      "@aws-sdk/util-middleware" "3.186.0"
      "tslib" "^2.3.1"
      "uuid" "^8.3.2"
  
  "@aws-sdk/middleware-sdk-s3@3.186.0":
    "integrity" "sha512-NffDytJCSNm+fkQs0sP3ePgtIkgd6Xqxfx1YI+Qzwlnej3Jdh9doDhuxxT/fQoJPfgf77y0iMC4a3tNr69fW6g=="
    "resolved" "https://registry.npmjs.org/@aws-sdk/middleware-sdk-s3/-/middleware-sdk-s3-3.186.0.tgz"
    "version" "3.186.0"
    dependencies:
      "@aws-sdk/middleware-bucket-endpoint" "3.186.0"
      "@aws-sdk/protocol-http" "3.186.0"
      "@aws-sdk/types" "3.186.0"
      "@aws-sdk/util-arn-parser" "3.186.0"
      "tslib" "^2.3.1"
  
  "@aws-sdk/middleware-sdk-sts@3.186.0":
    "integrity" "sha512-GDcK0O8rjtnd+XRGnxzheq1V2jk4Sj4HtjrxW/ROyhzLOAOyyxutBt+/zOpDD6Gba3qxc69wE+Cf/qngOkEkDw=="
    "resolved" "https://registry.npmjs.org/@aws-sdk/middleware-sdk-sts/-/middleware-sdk-sts-3.186.0.tgz"
    "version" "3.186.0"
    dependencies:
      "@aws-sdk/middleware-signing" "3.186.0"
      "@aws-sdk/property-provider" "3.186.0"
      "@aws-sdk/protocol-http" "3.186.0"
      "@aws-sdk/signature-v4" "3.186.0"
      "@aws-sdk/types" "3.186.0"
      "tslib" "^2.3.1"
  
  "@aws-sdk/middleware-serde@3.186.0":
    "integrity" "sha512-6FEAz70RNf18fKL5O7CepPSwTKJEIoyG9zU6p17GzKMgPeFsxS5xO94Hcq5tV2/CqeHliebjqhKY7yi+Pgok7g=="
    "resolved" "https://registry.npmjs.org/@aws-sdk/middleware-serde/-/middleware-serde-3.186.0.tgz"
    "version" "3.186.0"
    dependencies:
      "@aws-sdk/types" "3.186.0"
      "tslib" "^2.3.1"
  
  "@aws-sdk/middleware-signing@3.186.0":
    "integrity" "sha512-riCJYG/LlF/rkgVbHkr4xJscc0/sECzDivzTaUmfb9kJhAwGxCyNqnTvg0q6UO00kxSdEB9zNZI2/iJYVBijBQ=="
    "resolved" "https://registry.npmjs.org/@aws-sdk/middleware-signing/-/middleware-signing-3.186.0.tgz"
    "version" "3.186.0"
    dependencies:
      "@aws-sdk/property-provider" "3.186.0"
      "@aws-sdk/protocol-http" "3.186.0"
      "@aws-sdk/signature-v4" "3.186.0"
      "@aws-sdk/types" "3.186.0"
      "@aws-sdk/util-middleware" "3.186.0"
      "tslib" "^2.3.1"
  
  "@aws-sdk/middleware-ssec@3.186.0":
    "integrity" "sha512-nNBp3t1GvCTp+uN3stJMzHb1H/jmId+qPBFUwvCItrSUL6lLnJi+OxFr/cNuZpJdlLR3FyX0jyJEKMsBEJHAkA=="
    "resolved" "https://registry.npmjs.org/@aws-sdk/middleware-ssec/-/middleware-ssec-3.186.0.tgz"
    "version" "3.186.0"
    dependencies:
      "@aws-sdk/types" "3.186.0"
      "tslib" "^2.3.1"
  
  "@aws-sdk/middleware-stack@3.186.0":
    "integrity" "sha512-fENMoo0pW7UBrbuycPf+3WZ+fcUgP9PnQ0jcOK3WWZlZ9d2ewh4HNxLh4EE3NkNYj4VIUFXtTUuVNHlG8trXjQ=="
    "resolved" "https://registry.npmjs.org/@aws-sdk/middleware-stack/-/middleware-stack-3.186.0.tgz"
    "version" "3.186.0"
    dependencies:
      "tslib" "^2.3.1"
  
  "@aws-sdk/middleware-user-agent@3.186.0":
    "integrity" "sha512-fb+F2PF9DLKOVMgmhkr+ltN8ZhNJavTla9aqmbd01846OLEaN1n5xEnV7p8q5+EznVBWDF38Oz9Ae5BMt3Hs7w=="
    "resolved" "https://registry.npmjs.org/@aws-sdk/middleware-user-agent/-/middleware-user-agent-3.186.0.tgz"
    "version" "3.186.0"
    dependencies:
      "@aws-sdk/protocol-http" "3.186.0"
      "@aws-sdk/types" "3.186.0"
      "tslib" "^2.3.1"
  
  "@aws-sdk/node-config-provider@3.186.0":
    "integrity" "sha512-De93mgmtuUUeoiKXU8pVHXWKPBfJQlS/lh1k2H9T2Pd9Tzi0l7p5ttddx4BsEx4gk+Pc5flNz+DeptiSjZpa4A=="
    "resolved" "https://registry.npmjs.org/@aws-sdk/node-config-provider/-/node-config-provider-3.186.0.tgz"
    "version" "3.186.0"
    dependencies:
      "@aws-sdk/property-provider" "3.186.0"
      "@aws-sdk/shared-ini-file-loader" "3.186.0"
      "@aws-sdk/types" "3.186.0"
      "tslib" "^2.3.1"
  
  "@aws-sdk/node-http-handler@3.186.0":
    "integrity" "sha512-CbkbDuPZT9UNJ4dAZJWB3BV+Z65wFy7OduqGkzNNrKq6ZYMUfehthhUOTk8vU6RMe/0FkN+J0fFXlBx/bs/cHw=="
    "resolved" "https://registry.npmjs.org/@aws-sdk/node-http-handler/-/node-http-handler-3.186.0.tgz"
    "version" "3.186.0"
    dependencies:
      "@aws-sdk/abort-controller" "3.186.0"
      "@aws-sdk/protocol-http" "3.186.0"
      "@aws-sdk/querystring-builder" "3.186.0"
      "@aws-sdk/types" "3.186.0"
      "tslib" "^2.3.1"
  
  "@aws-sdk/property-provider@3.186.0":
    "integrity" "sha512-nWKqt36UW3xV23RlHUmat+yevw9up+T+953nfjcmCBKtgWlCWu/aUzewTRhKj3VRscbN+Wer95SBw9Lr/MMOlQ=="
    "resolved" "https://registry.npmjs.org/@aws-sdk/property-provider/-/property-provider-3.186.0.tgz"
    "version" "3.186.0"
    dependencies:
      "@aws-sdk/types" "3.186.0"
      "tslib" "^2.3.1"
  
  "@aws-sdk/protocol-http@3.186.0":
    "integrity" "sha512-l/KYr/UBDUU5ginqTgHtFfHR3X6ljf/1J1ThIiUg3C3kVC/Zwztm7BEOw8hHRWnWQGU/jYasGYcrcPLdQqFZyQ=="
    "resolved" "https://registry.npmjs.org/@aws-sdk/protocol-http/-/protocol-http-3.186.0.tgz"
    "version" "3.186.0"
    dependencies:
      "@aws-sdk/types" "3.186.0"
      "tslib" "^2.3.1"
  
  "@aws-sdk/querystring-builder@3.186.0":
    "integrity" "sha512-mweCpuLufImxfq/rRBTEpjGuB4xhQvbokA+otjnUxlPdIobytLqEs7pCGQfLzQ7+1ZMo8LBXt70RH4A2nSX/JQ=="
    "resolved" "https://registry.npmjs.org/@aws-sdk/querystring-builder/-/querystring-builder-3.186.0.tgz"
    "version" "3.186.0"
    dependencies:
      "@aws-sdk/types" "3.186.0"
      "@aws-sdk/util-uri-escape" "3.186.0"
      "tslib" "^2.3.1"
  
  "@aws-sdk/querystring-parser@3.186.0":
    "integrity" "sha512-0iYfEloghzPVXJjmnzHamNx1F1jIiTW9Svy5ZF9LVqyr/uHZcQuiWYsuhWloBMLs8mfWarkZM02WfxZ8buAuhg=="
    "resolved" "https://registry.npmjs.org/@aws-sdk/querystring-parser/-/querystring-parser-3.186.0.tgz"
    "version" "3.186.0"
    dependencies:
      "@aws-sdk/types" "3.186.0"
      "tslib" "^2.3.1"
  
  "@aws-sdk/service-error-classification@3.186.0":
    "integrity" "sha512-DRl3ORk4tF+jmH5uvftlfaq0IeKKpt0UPAOAFQ/JFWe+TjOcQd/K+VC0iiIG97YFp3aeFmH1JbEgsNxd+8fdxw=="
    "resolved" "https://registry.npmjs.org/@aws-sdk/service-error-classification/-/service-error-classification-3.186.0.tgz"
    "version" "3.186.0"
  
  "@aws-sdk/shared-ini-file-loader@3.186.0":
    "integrity" "sha512-2FZqxmICtwN9CYid4dwfJSz/gGFHyStFQ3HCOQ8DsJUf2yREMSBsVmKqsyWgOrYcQ98gPcD5GIa7QO5yl3XF6A=="
    "resolved" "https://registry.npmjs.org/@aws-sdk/shared-ini-file-loader/-/shared-ini-file-loader-3.186.0.tgz"
    "version" "3.186.0"
    dependencies:
      "@aws-sdk/types" "3.186.0"
      "tslib" "^2.3.1"
  
  "@aws-sdk/signature-v4-multi-region@3.186.0":
    "integrity" "sha512-99+WIti/zaoYgRAFTWSC2206E71gi+bPtPFbijLzQHMpmB3QlzPYobx3xyepgQ+LL0FQcfqD5zFtdmlcoWTddQ=="
    "resolved" "https://registry.npmjs.org/@aws-sdk/signature-v4-multi-region/-/signature-v4-multi-region-3.186.0.tgz"
    "version" "3.186.0"
    dependencies:
      "@aws-sdk/protocol-http" "3.186.0"
      "@aws-sdk/signature-v4" "3.186.0"
      "@aws-sdk/types" "3.186.0"
      "@aws-sdk/util-arn-parser" "3.186.0"
      "tslib" "^2.3.1"
  
  "@aws-sdk/signature-v4@3.186.0":
    "integrity" "sha512-18i96P5c4suMqwSNhnEOqhq4doqqyjH4fn0YV3F8TkekHPIWP4mtIJ0PWAN4eievqdtcKgD/GqVO6FaJG9texw=="
    "resolved" "https://registry.npmjs.org/@aws-sdk/signature-v4/-/signature-v4-3.186.0.tgz"
    "version" "3.186.0"
    dependencies:
      "@aws-sdk/is-array-buffer" "3.186.0"
      "@aws-sdk/types" "3.186.0"
      "@aws-sdk/util-hex-encoding" "3.186.0"
      "@aws-sdk/util-middleware" "3.186.0"
      "@aws-sdk/util-uri-escape" "3.186.0"
      "tslib" "^2.3.1"
  
  "@aws-sdk/smithy-client@3.186.0":
    "integrity" "sha512-rdAxSFGSnrSprVJ6i1BXi65r4X14cuya6fYe8dSdgmFSa+U2ZevT97lb3tSINCUxBGeMXhENIzbVGkRZuMh+DQ=="
    "resolved" "https://registry.npmjs.org/@aws-sdk/smithy-client/-/smithy-client-3.186.0.tgz"
    "version" "3.186.0"
    dependencies:
      "@aws-sdk/middleware-stack" "3.186.0"
      "@aws-sdk/types" "3.186.0"
      "tslib" "^2.3.1"
  
  "@aws-sdk/types@^3.1.0", "@aws-sdk/types@^3.110.0", "@aws-sdk/types@3.186.0":
    "integrity" "sha512-NatmSU37U+XauMFJCdFI6nougC20JUFZar+ump5wVv0i54H+2Refg1YbFDxSs0FY28TSB9jfhWIpfFBmXgL5MQ=="
    "resolved" "https://registry.npmjs.org/@aws-sdk/types/-/types-3.186.0.tgz"
    "version" "3.186.0"
  
  "@aws-sdk/url-parser@3.186.0":
    "integrity" "sha512-jfdJkKqJZp8qjjwEjIGDqbqTuajBsddw02f86WiL8bPqD8W13/hdqbG4Fpwc+Bm6GwR6/4MY6xWXFnk8jDUKeA=="
    "resolved" "https://registry.npmjs.org/@aws-sdk/url-parser/-/url-parser-3.186.0.tgz"
    "version" "3.186.0"
    dependencies:
      "@aws-sdk/querystring-parser" "3.186.0"
      "@aws-sdk/types" "3.186.0"
      "tslib" "^2.3.1"
  
  "@aws-sdk/util-arn-parser@3.186.0":
    "integrity" "sha512-hhTziyXeiNylZfZ6yXmaAhOUSmS3xQiofXRm1CcxMttHWmTOI6OrepKa2kOkNZsZe28vfuy4I7vbWPi2LcwSqA=="
    "resolved" "https://registry.npmjs.org/@aws-sdk/util-arn-parser/-/util-arn-parser-3.186.0.tgz"
    "version" "3.186.0"
    dependencies:
      "tslib" "^2.3.1"
  
  "@aws-sdk/util-base64-browser@3.186.0":
    "integrity" "sha512-TpQL8opoFfzTwUDxKeon/vuc83kGXpYqjl6hR8WzmHoQgmFfdFlV+0KXZOohra1001OP3FhqvMqaYbO8p9vXVQ=="
    "resolved" "https://registry.npmjs.org/@aws-sdk/util-base64-browser/-/util-base64-browser-3.186.0.tgz"
    "version" "3.186.0"
    dependencies:
      "tslib" "^2.3.1"
  
  "@aws-sdk/util-base64-node@3.186.0":
    "integrity" "sha512-wH5Y/EQNBfGS4VkkmiMyZXU+Ak6VCoFM1GKWopV+sj03zR2D4FHexi4SxWwEBMpZCd6foMtihhbNBuPA5fnh6w=="
    "resolved" "https://registry.npmjs.org/@aws-sdk/util-base64-node/-/util-base64-node-3.186.0.tgz"
    "version" "3.186.0"
    dependencies:
      "@aws-sdk/util-buffer-from" "3.186.0"
      "tslib" "^2.3.1"
  
  "@aws-sdk/util-body-length-browser@3.186.0":
    "integrity" "sha512-zKtjkI/dkj9oGkjo+7fIz+I9KuHrVt1ROAeL4OmDESS8UZi3/O8uMDFMuCp8jft6H+WFuYH6qRVWAVwXMiasXw=="
    "resolved" "https://registry.npmjs.org/@aws-sdk/util-body-length-browser/-/util-body-length-browser-3.186.0.tgz"
    "version" "3.186.0"
    dependencies:
      "tslib" "^2.3.1"
  
  "@aws-sdk/util-body-length-node@3.186.0":
    "integrity" "sha512-U7Ii8u8Wvu9EnBWKKeuwkdrWto3c0j7LG677Spe6vtwWkvY70n9WGfiKHTgBpVeLNv8jvfcx5+H0UOPQK1o9SQ=="
    "resolved" "https://registry.npmjs.org/@aws-sdk/util-body-length-node/-/util-body-length-node-3.186.0.tgz"
    "version" "3.186.0"
    dependencies:
      "tslib" "^2.3.1"
  
  "@aws-sdk/util-buffer-from@3.186.0":
    "integrity" "sha512-be2GCk2lsLWg/2V5Y+S4/9pOMXhOQo4DR4dIqBdR2R+jrMMHN9Xsr5QrkT6chcqLaJ/SBlwiAEEi3StMRmCOXA=="
    "resolved" "https://registry.npmjs.org/@aws-sdk/util-buffer-from/-/util-buffer-from-3.186.0.tgz"
    "version" "3.186.0"
    dependencies:
      "@aws-sdk/is-array-buffer" "3.186.0"
      "tslib" "^2.3.1"
  
  "@aws-sdk/util-config-provider@3.186.0":
    "integrity" "sha512-71Qwu/PN02XsRLApyxG0EUy/NxWh/CXxtl2C7qY14t+KTiRapwbDkdJ1cMsqYqghYP4BwJoj1M+EFMQSSlkZQQ=="
    "resolved" "https://registry.npmjs.org/@aws-sdk/util-config-provider/-/util-config-provider-3.186.0.tgz"
    "version" "3.186.0"
    dependencies:
      "tslib" "^2.3.1"
  
  "@aws-sdk/util-defaults-mode-browser@3.186.0":
    "integrity" "sha512-U8GOfIdQ0dZ7RRVpPynGteAHx4URtEh+JfWHHVfS6xLPthPHWTbyRhkQX++K/F8Jk+T5U8Anrrqlea4TlcO2DA=="
    "resolved" "https://registry.npmjs.org/@aws-sdk/util-defaults-mode-browser/-/util-defaults-mode-browser-3.186.0.tgz"
    "version" "3.186.0"
    dependencies:
      "@aws-sdk/property-provider" "3.186.0"
      "@aws-sdk/types" "3.186.0"
      "bowser" "^2.11.0"
      "tslib" "^2.3.1"
  
  "@aws-sdk/util-defaults-mode-node@3.186.0":
    "integrity" "sha512-N6O5bpwCiE4z8y7SPHd7KYlszmNOYREa+mMgtOIXRU3VXSEHVKVWTZsHKvNTTHpW0qMqtgIvjvXCo3vsch5l3A=="
    "resolved" "https://registry.npmjs.org/@aws-sdk/util-defaults-mode-node/-/util-defaults-mode-node-3.186.0.tgz"
    "version" "3.186.0"
    dependencies:
      "@aws-sdk/config-resolver" "3.186.0"
      "@aws-sdk/credential-provider-imds" "3.186.0"
      "@aws-sdk/node-config-provider" "3.186.0"
      "@aws-sdk/property-provider" "3.186.0"
      "@aws-sdk/types" "3.186.0"
      "tslib" "^2.3.1"
  
  "@aws-sdk/util-hex-encoding@3.186.0":
    "integrity" "sha512-UL9rdgIZz1E/jpAfaKH8QgUxNK9VP5JPgoR0bSiaefMjnsoBh0x/VVMsfUyziOoJCMLebhJzFowtwrSKEGsxNg=="
    "resolved" "https://registry.npmjs.org/@aws-sdk/util-hex-encoding/-/util-hex-encoding-3.186.0.tgz"
    "version" "3.186.0"
    dependencies:
      "tslib" "^2.3.1"
  
  "@aws-sdk/util-locate-window@^3.0.0":
    "integrity" "sha512-fmQLkH16ga6c5fWsA+kBYklQJjlPlcc8uayTR4avi5g3Nxqm6wPpyUwo5CppwjwWMeS+NXG0HgITtkkGntcRNg=="
    "resolved" "https://registry.npmjs.org/@aws-sdk/util-locate-window/-/util-locate-window-3.186.0.tgz"
    "version" "3.186.0"
    dependencies:
      "tslib" "^2.3.1"
  
  "@aws-sdk/util-middleware@3.186.0":
    "integrity" "sha512-fddwDgXtnHyL9mEZ4s1tBBsKnVQHqTUmFbZKUUKPrg9CxOh0Y/zZxEa5Olg/8dS/LzM1tvg0ATkcyd4/kEHIhg=="
    "resolved" "https://registry.npmjs.org/@aws-sdk/util-middleware/-/util-middleware-3.186.0.tgz"
    "version" "3.186.0"
    dependencies:
      "tslib" "^2.3.1"
  
  "@aws-sdk/util-stream-browser@3.186.0":
    "integrity" "sha512-fXlIA4jkcGN8YVrwtNWuR3JDoQZrs47uKJrg++3T0qf9EyPRgtki7tUITZpcDx+0qnm24yyLAedIXYzYt2iGcA=="
    "resolved" "https://registry.npmjs.org/@aws-sdk/util-stream-browser/-/util-stream-browser-3.186.0.tgz"
    "version" "3.186.0"
    dependencies:
      "@aws-sdk/fetch-http-handler" "3.186.0"
      "@aws-sdk/types" "3.186.0"
      "@aws-sdk/util-base64-browser" "3.186.0"
      "@aws-sdk/util-hex-encoding" "3.186.0"
      "@aws-sdk/util-utf8-browser" "3.186.0"
      "tslib" "^2.3.1"
  
  "@aws-sdk/util-stream-node@3.186.0":
    "integrity" "sha512-CTb8PmgGQx/3FYA1n1+ksnzIUpJGC7jEHk/E06cmWloixhSIRJuBXJ8b1AgSVDVrY/8wfYO/2VW28Dp7wZfmOw=="
    "resolved" "https://registry.npmjs.org/@aws-sdk/util-stream-node/-/util-stream-node-3.186.0.tgz"
    "version" "3.186.0"
    dependencies:
      "@aws-sdk/node-http-handler" "3.186.0"
      "@aws-sdk/types" "3.186.0"
      "@aws-sdk/util-buffer-from" "3.186.0"
      "tslib" "^2.3.1"
  
  "@aws-sdk/util-uri-escape@3.186.0":
    "integrity" "sha512-imtOrJFpIZAipAg8VmRqYwv1G/x4xzyoxOJ48ZSn1/ZGnKEEnB6n6E9gwYRebi4mlRuMSVeZwCPLq0ey5hReeQ=="
    "resolved" "https://registry.npmjs.org/@aws-sdk/util-uri-escape/-/util-uri-escape-3.186.0.tgz"
    "version" "3.186.0"
    dependencies:
      "tslib" "^2.3.1"
  
  "@aws-sdk/util-user-agent-browser@3.186.0":
    "integrity" "sha512-fbRcTTutMk4YXY3A2LePI4jWSIeHOT8DaYavpc/9Xshz/WH9RTGMmokeVOcClRNBeDSi5cELPJJ7gx6SFD3ZlQ=="
    "resolved" "https://registry.npmjs.org/@aws-sdk/util-user-agent-browser/-/util-user-agent-browser-3.186.0.tgz"
    "version" "3.186.0"
    dependencies:
      "@aws-sdk/types" "3.186.0"
      "bowser" "^2.11.0"
      "tslib" "^2.3.1"
  
  "@aws-sdk/util-user-agent-node@3.186.0":
    "integrity" "sha512-oWZR7hN6NtOgnT6fUvHaafgbipQc2xJCRB93XHiF9aZGptGNLJzznIOP7uURdn0bTnF73ejbUXWLQIm8/6ue6w=="
    "resolved" "https://registry.npmjs.org/@aws-sdk/util-user-agent-node/-/util-user-agent-node-3.186.0.tgz"
    "version" "3.186.0"
    dependencies:
      "@aws-sdk/node-config-provider" "3.186.0"
      "@aws-sdk/types" "3.186.0"
      "tslib" "^2.3.1"
  
  "@aws-sdk/util-utf8-browser@^3.0.0", "@aws-sdk/util-utf8-browser@3.186.0":
    "integrity" "sha512-n+IdFYF/4qT2WxhMOCeig8LndDggaYHw3BJJtfIBZRiS16lgwcGYvOUmhCkn0aSlG1f/eyg9YZHQG0iz9eLdHQ=="
    "resolved" "https://registry.npmjs.org/@aws-sdk/util-utf8-browser/-/util-utf8-browser-3.186.0.tgz"
    "version" "3.186.0"
    dependencies:
      "tslib" "^2.3.1"
  
  "@aws-sdk/util-utf8-node@3.186.0":
    "integrity" "sha512-7qlE0dOVdjuRbZTb7HFywnHHCrsN7AeQiTnsWT63mjXGDbPeUWQQw3TrdI20um3cxZXnKoeudGq8K6zbXyQ4iA=="
    "resolved" "https://registry.npmjs.org/@aws-sdk/util-utf8-node/-/util-utf8-node-3.186.0.tgz"
    "version" "3.186.0"
    dependencies:
      "@aws-sdk/util-buffer-from" "3.186.0"
      "tslib" "^2.3.1"
  
  "@aws-sdk/util-waiter@3.186.0":
    "integrity" "sha512-oSm45VadBBWC/K2W1mrRNzm9RzbXt6VopBQ5iTDU7B3qIXlyAG9k1JqOvmYIdYq1oOgjM3Hv2+9sngi3+MZs1A=="
    "resolved" "https://registry.npmjs.org/@aws-sdk/util-waiter/-/util-waiter-3.186.0.tgz"
    "version" "3.186.0"
    dependencies:
      "@aws-sdk/abort-controller" "3.186.0"
      "@aws-sdk/types" "3.186.0"
      "tslib" "^2.3.1"
  
  "@aws-sdk/xml-builder@3.186.0":
    "integrity" "sha512-9Ss3w1yenQNFYdHpa7OFL81M6Okef8UzY263SCCodhCg1ZKwN+vN1T4C7zhcMpxWsmDD/UmEpN+eXCLnFNE8PQ=="
    "resolved" "https://registry.npmjs.org/@aws-sdk/xml-builder/-/xml-builder-3.186.0.tgz"
    "version" "3.186.0"
    dependencies:
      "tslib" "^2.3.1"
  
  "@ffmpeg-installer/darwin-x64@4.1.0":
    "integrity" "sha512-Z4EyG3cIFjdhlY8wI9aLUXuH8nVt7E9SlMVZtWvSPnm2sm37/yC2CwjUzyCQbJbySnef1tQwGG2Sx+uWhd9IAw=="
    "resolved" "https://registry.npmjs.org/@ffmpeg-installer/darwin-x64/-/darwin-x64-4.1.0.tgz"
    "version" "4.1.0"
  
  "@ffmpeg-installer/ffmpeg@^1.1.0":
    "integrity" "sha512-Uq4rmwkdGxIa9A6Bd/VqqYbT7zqh1GrT5/rFwCwKM70b42W5gIjWeVETq6SdcL0zXqDtY081Ws/iJWhr1+xvQg=="
    "resolved" "https://registry.npmjs.org/@ffmpeg-installer/ffmpeg/-/ffmpeg-1.1.0.tgz"
    "version" "1.1.0"
    optionalDependencies:
      "@ffmpeg-installer/darwin-arm64" "4.1.5"
      "@ffmpeg-installer/darwin-x64" "4.1.0"
      "@ffmpeg-installer/linux-arm" "4.1.3"
      "@ffmpeg-installer/linux-arm64" "4.1.4"
      "@ffmpeg-installer/linux-ia32" "4.1.0"
      "@ffmpeg-installer/linux-x64" "4.1.0"
      "@ffmpeg-installer/win32-ia32" "4.1.0"
      "@ffmpeg-installer/win32-x64" "4.1.0"
  
  "@ffprobe-installer/darwin-x64@5.0.0":
    "integrity" "sha512-Zl0UkZ+wW/eyMKBPLTUCcNQch2VDnZz/cBn1DXv3YtCBVbYd9aYzGj4MImdxgWcoE0+GpbfbO6mKGwMq5HCm6A=="
    "resolved" "https://registry.npmjs.org/@ffprobe-installer/darwin-x64/-/darwin-x64-5.0.0.tgz"
    "version" "5.0.0"
  
  "@ffprobe-installer/ffprobe@^1.4.1":
    "integrity" "sha512-3WJvxU0f4d7IOZdzoVCAj9fYtiQNC6E0521FJFe9iP5Ej8auTXU7TsrUzIAG1CydeQI+BnM3vGog92SCcF9KtA=="
    "resolved" "https://registry.npmjs.org/@ffprobe-installer/ffprobe/-/ffprobe-1.4.1.tgz"
    "version" "1.4.1"
    optionalDependencies:
      "@ffprobe-installer/darwin-arm64" "5.0.1"
      "@ffprobe-installer/darwin-x64" "5.0.0"
      "@ffprobe-installer/linux-arm" "5.0.0"
      "@ffprobe-installer/linux-arm64" "5.0.0"
      "@ffprobe-installer/linux-ia32" "5.0.0"
      "@ffprobe-installer/linux-x64" "5.0.0"
      "@ffprobe-installer/win32-ia32" "5.0.0"
      "@ffprobe-installer/win32-x64" "5.0.0"
  
  "@prisma/client@4.4.0":
    "integrity" "sha512-ciKOP246x1xwr04G9ajHlJ4pkmtu9Q6esVyqVBO0QJihaKQIUvbPjClp17IsRJyxqNpFm4ScbOc/s9DUzKHINQ=="
    "resolved" "https://registry.npmjs.org/@prisma/client/-/client-4.4.0.tgz"
    "version" "4.4.0"
    dependencies:
      "@prisma/engines-version" "4.4.0-66.f352a33b70356f46311da8b00d83386dd9f145d6"
  
  "@prisma/engines-version@4.4.0-66.f352a33b70356f46311da8b00d83386dd9f145d6":
    "integrity" "sha512-P5v/PuEIJLYXZUZBvOLPqoyCW+m6StNqHdiR6te++gYVODpPdLakks5HVx3JaZIY+LwR02juJWFlwpc9Eog/ug=="
    "resolved" "https://registry.npmjs.org/@prisma/engines-version/-/engines-version-4.4.0-66.f352a33b70356f46311da8b00d83386dd9f145d6.tgz"
    "version" "4.4.0-66.f352a33b70356f46311da8b00d83386dd9f145d6"
  
  "@prisma/engines@4.4.0":
    "integrity" "sha512-Fpykccxlt9MHrAs/QpPGpI2nOiRxuLA+LiApgA59ibbf24YICZIMWd3SI2YD+q0IAIso0jCGiHhirAIbxK3RyQ=="
    "resolved" "https://registry.npmjs.org/@prisma/engines/-/engines-4.4.0.tgz"
    "version" "4.4.0"
  
  "accepts@~1.3.8":
    "integrity" "sha512-PYAthTa2m2VKxuvSD3DPC/Gy+U+sOA1LAuT8mkmRuvw+NACSaeXEQ+NHcVF7rONl6qcaxV3Uuemwawk+7+SJLw=="
    "resolved" "https://registry.npmjs.org/accepts/-/accepts-1.3.8.tgz"
    "version" "1.3.8"
    dependencies:
      "mime-types" "~2.1.34"
      "negotiator" "0.6.3"
  
  "append-field@^1.0.0":
    "integrity" "sha512-klpgFSWLW1ZEs8svjfb7g4qWY0YS5imI82dTg+QahUvJ8YqAY0P10Uk8tTyh9ZGuYEZEMaeJYCF5BFuX552hsw=="
    "resolved" "https://registry.npmjs.org/append-field/-/append-field-1.0.0.tgz"
    "version" "1.0.0"
  
  "array-flatten@1.1.1":
    "integrity" "sha512-PCVAQswWemu6UdxsDFFX/+gVeYqKAod3D3UVm91jHwynguOwAvYPhx8nNlM++NqRcK6CxxpUafjmhIdKiHibqg=="
    "resolved" "https://registry.npmjs.org/array-flatten/-/array-flatten-1.1.1.tgz"
    "version" "1.1.1"
  
  "async@>=0.2.9":
    "integrity" "sha512-iAB+JbDEGXhyIUavoDl9WP/Jj106Kz9DEn1DPgYw5ruDn0e3Wgi3sKFm55sASdGBNOQB8F59d9qQ7deqrHA8wQ=="
    "resolved" "https://registry.npmjs.org/async/-/async-3.2.4.tgz"
    "version" "3.2.4"
  
  "base64-js@^1.0.2":
    "integrity" "sha512-AKpaYlHn8t4SVbOHCy+b5+KKgvR4vrsD8vbvrbiQJps7fKDTkjkDry6ji0rUJjC0kzbNePLwzxq8iypo41qeWA=="
    "resolved" "https://registry.npmjs.org/base64-js/-/base64-js-1.5.1.tgz"
    "version" "1.5.1"
  
  "basic-auth@~2.0.1":
    "integrity" "sha512-NF+epuEdnUYVlGuhaxbbq+dvJttwLnGY+YixlXlME5KpQ5W3CnXA5cVTneY3SPbPDRkcjMbifrwmFYcClgOZeg=="
    "resolved" "https://registry.npmjs.org/basic-auth/-/basic-auth-2.0.1.tgz"
    "version" "2.0.1"
    dependencies:
      "safe-buffer" "5.1.2"
  
  "bcryptjs@^2.4.3":
    "integrity" "sha512-V/Hy/X9Vt7f3BbPJEi8BdVFMByHi+jNXrYkW3huaybV/kQ0KJg0Y6PkEMbn+zeT+i+SiKZ/HMqJGIIt4LZDqNQ=="
    "resolved" "https://registry.npmjs.org/bcryptjs/-/bcryptjs-2.4.3.tgz"
    "version" "2.4.3"
  
  "body-parser@^1.20.1":
    "integrity" "sha512-jWi7abTbYwajOytWCQc37VulmWiRae5RyTpaCyDcS5/lMdtwSz5lOpDE67srw/HYe35f1z3fDQw+3txg7gNtWw=="
    "resolved" "https://registry.npmjs.org/body-parser/-/body-parser-1.20.1.tgz"
    "version" "1.20.1"
    dependencies:
      "bytes" "3.1.2"
      "content-type" "~1.0.4"
      "debug" "2.6.9"
      "depd" "2.0.0"
      "destroy" "1.2.0"
      "http-errors" "2.0.0"
      "iconv-lite" "0.4.24"
      "on-finished" "2.4.1"
      "qs" "6.11.0"
      "raw-body" "2.5.1"
      "type-is" "~1.6.18"
      "unpipe" "1.0.0"
  
  "body-parser@1.20.0":
    "integrity" "sha512-DfJ+q6EPcGKZD1QWUjSpqp+Q7bDQTsQIF4zfUAtZ6qk+H/3/QRhg9CEp39ss+/T2vw0+HaidC0ecJj/DRLIaKg=="
    "resolved" "https://registry.npmjs.org/body-parser/-/body-parser-1.20.0.tgz"
    "version" "1.20.0"
    dependencies:
      "bytes" "3.1.2"
      "content-type" "~1.0.4"
      "debug" "2.6.9"
      "depd" "2.0.0"
      "destroy" "1.2.0"
      "http-errors" "2.0.0"
      "iconv-lite" "0.4.24"
      "on-finished" "2.4.1"
      "qs" "6.10.3"
      "raw-body" "2.5.1"
      "type-is" "~1.6.18"
      "unpipe" "1.0.0"
  
  "bowser@^2.11.0":
    "integrity" "sha512-AlcaJBi/pqqJBIQ8U9Mcpc9i8Aqxn88Skv5d+xBX006BY5u8N3mGLHa5Lgppa7L/HfwgwLgZ6NYs+Ag6uUmJRA=="
    "resolved" "https://registry.npmjs.org/bowser/-/bowser-2.11.0.tgz"
    "version" "2.11.0"
  
  "buffer-equal-constant-time@1.0.1":
    "integrity" "sha512-zRpUiDwd/xk6ADqPMATG8vc9VPrkck7T07OIx0gnjmJAnHnTVXNQG3vfvWNuiZIkwu9KrKdA1iJKfsfTVxE6NA=="
    "resolved" "https://registry.npmjs.org/buffer-equal-constant-time/-/buffer-equal-constant-time-1.0.1.tgz"
    "version" "1.0.1"
  
  "buffer-from@^1.0.0":
    "integrity" "sha512-E+XQCRwSbaaiChtv6k6Dwgc+bx+Bs6vuKJHHl5kox/BaKbhiXzqQOwK4cO22yElGp2OCmjwVhT3HmxgyPGnJfQ=="
    "resolved" "https://registry.npmjs.org/buffer-from/-/buffer-from-1.1.2.tgz"
    "version" "1.1.2"
  
  "buffer@5.6.0":
    "integrity" "sha512-/gDYp/UtU0eA1ys8bOs9J6a+E/KWIY+DZ+Q2WESNUA0jFRsJOc0SNUO6xJ5SGA1xueg3NL65W6s+NY5l9cunuw=="
    "resolved" "https://registry.npmjs.org/buffer/-/buffer-5.6.0.tgz"
    "version" "5.6.0"
    dependencies:
      "base64-js" "^1.0.2"
      "ieee754" "^1.1.4"
  
  "busboy@^1.0.0":
    "integrity" "sha512-8SFQbg/0hQ9xy3UNTB0YEnsNBbWfhf7RtnzpL7TkBiTBRfrQ9Fxcnz7VJsleJpyp6rVLvXiuORqjlHi5q+PYuA=="
    "resolved" "https://registry.npmjs.org/busboy/-/busboy-1.6.0.tgz"
    "version" "1.6.0"
    dependencies:
      "streamsearch" "^1.1.0"
  
  "bytes@3.1.2":
    "integrity" "sha512-/Nf7TyzTx6S3yRJObOAV7956r8cr2+Oj8AC5dt8wSP3BQAoeX58NoHyCU8P8zGkNXStjTSi6fzO6F0pBdcYbEg=="
    "resolved" "https://registry.npmjs.org/bytes/-/bytes-3.1.2.tgz"
    "version" "3.1.2"
  
  "call-bind@^1.0.0":
    "integrity" "sha512-7O+FbCihrB5WGbFYesctwmTKae6rOiIzmz1icreWJ+0aA7LJfuqhEso2T9ncpcFtzMQtzXf2QGGueWJGTYsqrA=="
    "resolved" "https://registry.npmjs.org/call-bind/-/call-bind-1.0.2.tgz"
    "version" "1.0.2"
    dependencies:
      "function-bind" "^1.1.1"
      "get-intrinsic" "^1.0.2"
  
  "concat-stream@^1.5.2":
    "integrity" "sha512-27HBghJxjiZtIk3Ycvn/4kbJk/1uZuJFfuPEns6LaEvpvG1f0hTea8lilrouyo9mVc2GWdcEZ8OLoGmSADlrCw=="
    "resolved" "https://registry.npmjs.org/concat-stream/-/concat-stream-1.6.2.tgz"
    "version" "1.6.2"
    dependencies:
      "buffer-from" "^1.0.0"
      "inherits" "^2.0.3"
      "readable-stream" "^2.2.2"
      "typedarray" "^0.0.6"
  
  "content-disposition@0.5.4":
    "integrity" "sha512-FveZTNuGw04cxlAiWbzi6zTAL/lhehaWbTtgluJh4/E95DqMwTmha3KZN1aAWA8cFIhHzMZUvLevkw5Rqk+tSQ=="
    "resolved" "https://registry.npmjs.org/content-disposition/-/content-disposition-0.5.4.tgz"
    "version" "0.5.4"
    dependencies:
      "safe-buffer" "5.2.1"
  
  "content-type@~1.0.4":
    "integrity" "sha512-hIP3EEPs8tB9AT1L+NUqtwOAps4mk2Zob89MWXMHjHWg9milF/j4osnnQLXBCBFBk/tvIG/tUc9mOUJiPBhPXA=="
    "resolved" "https://registry.npmjs.org/content-type/-/content-type-1.0.4.tgz"
    "version" "1.0.4"
  
  "cookie-signature@1.0.6":
    "integrity" "sha512-QADzlaHc8icV8I7vbaJXJwod9HWYp8uCqf1xa4OfNu1T7JVxQIrUgOWtHdNDtPiywmFbiS12VjotIXLrKM3orQ=="
    "resolved" "https://registry.npmjs.org/cookie-signature/-/cookie-signature-1.0.6.tgz"
    "version" "1.0.6"
  
  "cookie@0.5.0":
    "integrity" "sha512-YZ3GUyn/o8gfKJlnlX7g7xq4gyO6OSuhGPKaaGssGB2qgDUS0gPgtTvoyZLTt9Ab6dC4hfc9dV5arkvc/OCmrw=="
    "resolved" "https://registry.npmjs.org/cookie/-/cookie-0.5.0.tgz"
    "version" "0.5.0"
  
  "core-util-is@~1.0.0":
    "integrity" "sha512-ZQBvi1DcpJ4GDqanjucZ2Hj3wEO5pZDS89BWbkcrvdxksJorwUDDZamX9ldFkp9aw2lmBDLgkObEA4DWNJ9FYQ=="
    "resolved" "https://registry.npmjs.org/core-util-is/-/core-util-is-1.0.3.tgz"
    "version" "1.0.3"
  
  "cors@^2.8.5":
    "integrity" "sha512-KIHbLJqu73RGr/hnbrO9uBeixNGuvSQjul/jdFvS/KFSIH1hWVd1ng7zOHx+YrEfInLG7q4n6GHQ9cDtxv/P6g=="
    "resolved" "https://registry.npmjs.org/cors/-/cors-2.8.5.tgz"
    "version" "2.8.5"
    dependencies:
      "object-assign" "^4"
      "vary" "^1"
  
  "debug@2.6.9":
    "integrity" "sha512-bC7ElrdJaJnPbAP+1EotYvqZsb3ecl5wi6Bfi6BJTUcNowp6cvspg0jXznRTKDjm/E7AdgFBVeAPVMNcKGsHMA=="
    "resolved" "https://registry.npmjs.org/debug/-/debug-2.6.9.tgz"
    "version" "2.6.9"
    dependencies:
      "ms" "2.0.0"
  
  "depd@~2.0.0", "depd@2.0.0":
    "integrity" "sha512-g7nH6P6dyDioJogAAGprGpCtVImJhpPk/roCzdb3fIh61/s/nPsfR6onyMwkCAR/OlC3yBC0lESvUoQEAssIrw=="
    "resolved" "https://registry.npmjs.org/depd/-/depd-2.0.0.tgz"
    "version" "2.0.0"
  
  "destroy@1.2.0":
    "integrity" "sha512-2sJGJTaXIIaR1w4iJSNoN0hnMY7Gpc/n8D4qSCJw8QqFWXf7cuAgnEHxBpweaVcPevC2l3KpjYCx3NypQQgaJg=="
    "resolved" "https://registry.npmjs.org/destroy/-/destroy-1.2.0.tgz"
    "version" "1.2.0"
  
  "ecdsa-sig-formatter@1.0.11":
    "integrity" "sha512-nagl3RYrbNv6kQkeJIpt6NJZy8twLB/2vtz6yN9Z4vRKHN4/QZJIEbqohALSgwKdnksuY3k5Addp5lg8sVoVcQ=="
    "resolved" "https://registry.npmjs.org/ecdsa-sig-formatter/-/ecdsa-sig-formatter-1.0.11.tgz"
    "version" "1.0.11"
    dependencies:
      "safe-buffer" "^5.0.1"
  
  "ee-first@1.1.1":
    "integrity" "sha512-WMwm9LhRUo+WUaRN+vRuETqG89IgZphVSNkdFgeb6sS/E4OrDIN7t48CAewSHXc6C8lefD8KKfr5vY61brQlow=="
    "resolved" "https://registry.npmjs.org/ee-first/-/ee-first-1.1.1.tgz"
    "version" "1.1.1"
  
  "encodeurl@~1.0.2":
    "integrity" "sha512-TPJXq8JqFaVYm2CWmPvnP2Iyo4ZSM7/QKcSmuMLDObfpH5fi7RUGmd/rTDf+rut/saiDiQEeVTNgAmJEdAOx0w=="
    "resolved" "https://registry.npmjs.org/encodeurl/-/encodeurl-1.0.2.tgz"
    "version" "1.0.2"
  
  "entities@2.2.0":
    "integrity" "sha512-p92if5Nz619I0w+akJrLZH0MX0Pb5DX39XOwQTtXSdQQOaYH03S1uIQp4mhOZtAXrxq4ViO67YTiLBo2638o9A=="
    "resolved" "https://registry.npmjs.org/entities/-/entities-2.2.0.tgz"
    "version" "2.2.0"
  
  "escape-html@~1.0.3":
    "integrity" "sha512-NiSupZ4OeuGwr68lGIeym/ksIZMJodUGOSCZ/FSnTxcrekbvqrgdUxlJOMpijaKZVjAJrWrGs/6Jy8OMuyj9ow=="
    "resolved" "https://registry.npmjs.org/escape-html/-/escape-html-1.0.3.tgz"
    "version" "1.0.3"
  
  "etag@~1.8.1":
    "integrity" "sha512-aIL5Fx7mawVa300al2BnEE4iNvo1qETxLrPI/o05L7z6go7fCw1J6EQmbK4FmJ2AS7kgVF/KEZWufBfdClMcPg=="
    "resolved" "https://registry.npmjs.org/etag/-/etag-1.8.1.tgz"
    "version" "1.8.1"
  
  "events@3.3.0":
    "integrity" "sha512-mQw+2fkQbALzQ7V0MY0IqdnXNOeTtP4r0lN9z7AAawCXgqea7bDii20AYrIBrFd/Hx0M2Ocz6S111CaFkUcb0Q=="
    "resolved" "https://registry.npmjs.org/events/-/events-3.3.0.tgz"
    "version" "3.3.0"
  
  "express@^4.18.1":
    "integrity" "sha512-zZBcOX9TfehHQhtupq57OF8lFZ3UZi08Y97dwFCkD8p9d/d2Y3M+ykKcwaMDEL+4qyUolgBDX6AblpR3fL212Q=="
    "resolved" "https://registry.npmjs.org/express/-/express-4.18.1.tgz"
    "version" "4.18.1"
    dependencies:
      "accepts" "~1.3.8"
      "array-flatten" "1.1.1"
      "body-parser" "1.20.0"
      "content-disposition" "0.5.4"
      "content-type" "~1.0.4"
      "cookie" "0.5.0"
      "cookie-signature" "1.0.6"
      "debug" "2.6.9"
      "depd" "2.0.0"
      "encodeurl" "~1.0.2"
      "escape-html" "~1.0.3"
      "etag" "~1.8.1"
      "finalhandler" "1.2.0"
      "fresh" "0.5.2"
      "http-errors" "2.0.0"
      "merge-descriptors" "1.0.1"
      "methods" "~1.1.2"
      "on-finished" "2.4.1"
      "parseurl" "~1.3.3"
      "path-to-regexp" "0.1.7"
      "proxy-addr" "~2.0.7"
      "qs" "6.10.3"
      "range-parser" "~1.2.1"
      "safe-buffer" "5.2.1"
      "send" "0.18.0"
      "serve-static" "1.15.0"
      "setprototypeof" "1.2.0"
      "statuses" "2.0.1"
      "type-is" "~1.6.18"
      "utils-merge" "1.0.1"
      "vary" "~1.1.2"
  
  "fast-xml-parser@3.19.0":
    "integrity" "sha512-4pXwmBplsCPv8FOY1WRakF970TjNGnGnfbOnLqjlYvMiF1SR3yOHyxMR/YCXpPTOspNF5gwudqktIP4VsWkvBg=="
    "resolved" "https://registry.npmjs.org/fast-xml-parser/-/fast-xml-parser-3.19.0.tgz"
    "version" "3.19.0"
  
  "ffmpeg@^0.0.4":
    "integrity" "sha512-3TgWUJJlZGQn+crJFyhsO/oNeRRnGTy6GhgS98oUCIfZrOW5haPPV7DUfOm3xJcHr5q3TJpjk2GudPutrNisRA=="
    "resolved" "https://registry.npmjs.org/ffmpeg/-/ffmpeg-0.0.4.tgz"
    "version" "0.0.4"
    dependencies:
      "when" ">= 0.0.1"
  
  "file-type@^3.3.0":
    "integrity" "sha512-RLoqTXE8/vPmMuTI88DAzhMYC99I8BWv7zYP4A1puo5HIjEJ5EX48ighy4ZyKMG9EDXxBgW6e++cn7d1xuFghA=="
    "resolved" "https://registry.npmjs.org/file-type/-/file-type-3.9.0.tgz"
    "version" "3.9.0"
  
  "finalhandler@1.2.0":
    "integrity" "sha512-5uXcUVftlQMFnWC9qu/svkWv3GTd2PfUhK/3PLkYNAe7FbqJMt3515HaxE6eRL74GdsriiwujiawdaB1BpEISg=="
    "resolved" "https://registry.npmjs.org/finalhandler/-/finalhandler-1.2.0.tgz"
    "version" "1.2.0"
    dependencies:
      "debug" "2.6.9"
      "encodeurl" "~1.0.2"
      "escape-html" "~1.0.3"
      "on-finished" "2.4.1"
      "parseurl" "~1.3.3"
      "statuses" "2.0.1"
      "unpipe" "~1.0.0"
  
  "fluent-ffmpeg@^2.1.2":
    "integrity" "sha512-IZTB4kq5GK0DPp7sGQ0q/BWurGHffRtQQwVkiqDgeO6wYJLLV5ZhgNOQ65loZxxuPMKZKZcICCUnaGtlxBiR0Q=="
    "resolved" "https://registry.npmjs.org/fluent-ffmpeg/-/fluent-ffmpeg-2.1.2.tgz"
    "version" "2.1.2"
    dependencies:
      "async" ">=0.2.9"
      "which" "^1.1.1"
  
  "forwarded@0.2.0":
    "integrity" "sha512-buRG0fpBtRHSTCOASe6hD258tEubFoRLb4ZNA6NxMVHNw2gOcwHo9wyablzMzOA5z9xA9L1KNjk/Nt6MT9aYow=="
    "resolved" "https://registry.npmjs.org/forwarded/-/forwarded-0.2.0.tgz"
    "version" "0.2.0"
  
  "fresh@0.5.2":
    "integrity" "sha512-zJ2mQYM18rEFOudeV4GShTGIQ7RbzA7ozbU9I/XBpm7kqgMywgmylMwXHxZJmkVoYkna9d2pVXVXPdYTP9ej8Q=="
    "resolved" "https://registry.npmjs.org/fresh/-/fresh-0.5.2.tgz"
    "version" "0.5.2"
  
  "function-bind@^1.1.1":
    "integrity" "sha512-yIovAzMX49sF8Yl58fSCWJ5svSLuaibPxXQJFLmBObTuCr0Mf1KiPopGM9NiFjiYBCbfaa2Fh6breQ6ANVTI0A=="
    "resolved" "https://registry.npmjs.org/function-bind/-/function-bind-1.1.1.tgz"
    "version" "1.1.1"
  
  "get-intrinsic@^1.0.2":
    "integrity" "sha512-QJVz1Tj7MS099PevUG5jvnt9tSkXN8K14dxQlikJuPt4uD9hHAHjLyLBiLR5zELelBdD9QNRAXZzsJx0WaDL9A=="
    "resolved" "https://registry.npmjs.org/get-intrinsic/-/get-intrinsic-1.1.3.tgz"
    "version" "1.1.3"
    dependencies:
      "function-bind" "^1.1.1"
      "has" "^1.0.3"
      "has-symbols" "^1.0.3"
  
  "has-symbols@^1.0.3":
    "integrity" "sha512-l3LCuF6MgDNwTDKkdYGEihYjt5pRPbEg46rtlmnSPlUbgmB8LOIrKJbYYFBSbnPaJexMKtiPO8hmeRjRz2Td+A=="
    "resolved" "https://registry.npmjs.org/has-symbols/-/has-symbols-1.0.3.tgz"
    "version" "1.0.3"
  
  "has@^1.0.3":
    "integrity" "sha512-f2dvO0VU6Oej7RkWJGrehjbzMAjFp5/VKPp5tTpWIV4JHHZK1/BxbFRtf/siA2SWTe09caDmVtYYzWEIbBS4zw=="
    "resolved" "https://registry.npmjs.org/has/-/has-1.0.3.tgz"
    "version" "1.0.3"
    dependencies:
      "function-bind" "^1.1.1"
  
  "html-comment-regex@^1.1.2":
    "integrity" "sha512-P+M65QY2JQ5Y0G9KKdlDpo0zK+/OHptU5AaBwUfAIDJZk1MYf32Frm84EcOytfJE0t5JvkAnKlmjsXDnWzCJmQ=="
    "resolved" "https://registry.npmjs.org/html-comment-regex/-/html-comment-regex-1.1.2.tgz"
    "version" "1.1.2"
  
  "http-errors@2.0.0":
    "integrity" "sha512-FtwrG/euBzaEjYeRqOgly7G0qviiXoJWnvEH2Z1plBdXgbyjv34pHTSb9zoeHMyDy33+DWy5Wt9Wo+TURtOYSQ=="
    "resolved" "https://registry.npmjs.org/http-errors/-/http-errors-2.0.0.tgz"
    "version" "2.0.0"
    dependencies:
      "depd" "2.0.0"
      "inherits" "2.0.4"
      "setprototypeof" "1.2.0"
      "statuses" "2.0.1"
      "toidentifier" "1.0.1"
  
  "iconv-lite@0.4.24":
    "integrity" "sha512-v3MXnZAcvnywkTUEZomIActle7RXXeedOR31wwl7VlyoXO4Qi9arvSenNQWne1TcRwhCL1HwLI21bEqdpj8/rA=="
    "resolved" "https://registry.npmjs.org/iconv-lite/-/iconv-lite-0.4.24.tgz"
    "version" "0.4.24"
    dependencies:
      "safer-buffer" ">= 2.1.2 < 3"
  
  "ieee754@^1.1.4":
    "integrity" "sha512-dcyqhDvX1C46lXZcVqCpK+FtMRQVdIMN6/Df5js2zouUsqG7I6sFxitIC+7KYK29KdXOLHdu9zL4sFnoVQnqaA=="
    "resolved" "https://registry.npmjs.org/ieee754/-/ieee754-1.2.1.tgz"
    "version" "1.2.1"
  
  "inherits@^2.0.3", "inherits@~2.0.3", "inherits@~2.0.4", "inherits@2.0.4":
    "integrity" "sha512-k/vGaX4/Yla3WzyMCvTQOXYeIHvqOKtnqBduzTHpzpQZzAskKMhZ2K+EnBiSM9zGSoIFeMpXKxa4dYeZIQqewQ=="
    "resolved" "https://registry.npmjs.org/inherits/-/inherits-2.0.4.tgz"
    "version" "2.0.4"
  
  "ipaddr.js@1.9.1":
    "integrity" "sha512-0KI/607xoxSToH7GjN1FfSbLoU0+btTicjsQSWQlh/hZykN8KpmMf7uYwPW3R+akZ6R/w18ZlXSHBYXiYUPO3g=="
    "resolved" "https://registry.npmjs.org/ipaddr.js/-/ipaddr.js-1.9.1.tgz"
    "version" "1.9.1"
  
  "isarray@~1.0.0":
    "integrity" "sha512-VLghIWNM6ELQzo7zwmcg0NmTVyWKYjvIeM83yjp0wRDTmUnrM678fQbcKBo6n2CJEF0szoG//ytg+TKla89ALQ=="
    "resolved" "https://registry.npmjs.org/isarray/-/isarray-1.0.0.tgz"
    "version" "1.0.0"
  
  "isexe@^2.0.0":
    "integrity" "sha512-RHxMLp9lnKHGHRng9QFhRCMbYAcVpn69smSGcq3f36xjgVVWThj4qqLbTLlq7Ssj8B+fIQ1EuCEGI2lKsyQeIw=="
    "resolved" "https://registry.npmjs.org/isexe/-/isexe-2.0.0.tgz"
    "version" "2.0.0"
  
  "jsonwebtoken@^8.5.1":
    "integrity" "sha512-XjwVfRS6jTMsqYs0EsuJ4LGxXV14zQybNd4L2r0UvbVnSF9Af8x7p5MzbJ90Ioz/9TI41/hTCvznF/loiSzn8w=="
    "resolved" "https://registry.npmjs.org/jsonwebtoken/-/jsonwebtoken-8.5.1.tgz"
    "version" "8.5.1"
    dependencies:
      "jws" "^3.2.2"
      "lodash.includes" "^4.3.0"
      "lodash.isboolean" "^3.0.3"
      "lodash.isinteger" "^4.0.4"
      "lodash.isnumber" "^3.0.3"
      "lodash.isplainobject" "^4.0.6"
      "lodash.isstring" "^4.0.1"
      "lodash.once" "^4.0.0"
      "ms" "^2.1.1"
      "semver" "^5.6.0"
  
  "jwa@^1.4.1":
    "integrity" "sha512-qiLX/xhEEFKUAJ6FiBMbes3w9ATzyk5W7Hvzpa/SLYdxNtng+gcurvrI7TbACjIXlsJyr05/S1oUhZrc63evQA=="
    "resolved" "https://registry.npmjs.org/jwa/-/jwa-1.4.1.tgz"
    "version" "1.4.1"
    dependencies:
      "buffer-equal-constant-time" "1.0.1"
      "ecdsa-sig-formatter" "1.0.11"
      "safe-buffer" "^5.0.1"
  
  "jws@^3.2.2":
    "integrity" "sha512-YHlZCB6lMTllWDtSPHz/ZXTsi8S00usEV6v1tjq8tOUZzw7DpSDWVXjXDre6ed1w/pd495ODpHZYSdkRTsa0HA=="
    "resolved" "https://registry.npmjs.org/jws/-/jws-3.2.2.tgz"
    "version" "3.2.2"
    dependencies:
      "jwa" "^1.4.1"
      "safe-buffer" "^5.0.1"
  
  "lodash.includes@^4.3.0":
    "integrity" "sha512-W3Bx6mdkRTGtlJISOvVD/lbqjTlPPUDTMnlXZFnVwi9NKJ6tiAk6LVdlhZMm17VZisqhKcgzpO5Wz91PCt5b0w=="
    "resolved" "https://registry.npmjs.org/lodash.includes/-/lodash.includes-4.3.0.tgz"
    "version" "4.3.0"
  
  "lodash.isboolean@^3.0.3":
    "integrity" "sha512-Bz5mupy2SVbPHURB98VAcw+aHh4vRV5IPNhILUCsOzRmsTmSQ17jIuqopAentWoehktxGd9e/hbIXq980/1QJg=="
    "resolved" "https://registry.npmjs.org/lodash.isboolean/-/lodash.isboolean-3.0.3.tgz"
    "version" "3.0.3"
  
  "lodash.isinteger@^4.0.4":
    "integrity" "sha512-DBwtEWN2caHQ9/imiNeEA5ys1JoRtRfY3d7V9wkqtbycnAmTvRRmbHKDV4a0EYc678/dia0jrte4tjYwVBaZUA=="
    "resolved" "https://registry.npmjs.org/lodash.isinteger/-/lodash.isinteger-4.0.4.tgz"
    "version" "4.0.4"
  
  "lodash.isnumber@^3.0.3":
    "integrity" "sha512-QYqzpfwO3/CWf3XP+Z+tkQsfaLL/EnUlXWVkIk5FUPc4sBdTehEqZONuyRt2P67PXAk+NXmTBcc97zw9t1FQrw=="
    "resolved" "https://registry.npmjs.org/lodash.isnumber/-/lodash.isnumber-3.0.3.tgz"
    "version" "3.0.3"
  
  "lodash.isplainobject@^4.0.6":
    "integrity" "sha512-oSXzaWypCMHkPC3NvBEaPHf0KsA5mvPrOPgQWDsbg8n7orZ290M0BmC/jgRZ4vcJ6DTAhjrsSYgdsW/F+MFOBA=="
    "resolved" "https://registry.npmjs.org/lodash.isplainobject/-/lodash.isplainobject-4.0.6.tgz"
    "version" "4.0.6"
  
  "lodash.isstring@^4.0.1":
    "integrity" "sha512-0wJxfxH1wgO3GrbuP+dTTk7op+6L41QCXbGINEmD+ny/G/eCqGzxyCsh7159S+mgDDcoarnBw6PC1PS5+wUGgw=="
    "resolved" "https://registry.npmjs.org/lodash.isstring/-/lodash.isstring-4.0.1.tgz"
    "version" "4.0.1"
  
  "lodash.once@^4.0.0":
    "integrity" "sha512-Sb487aTOCr9drQVL8pIxOzVhafOjZN9UU54hiN8PU3uAiSV7lx1yYNpbNmex2PK6dSJoNTSJUUswT651yww3Mg=="
    "resolved" "https://registry.npmjs.org/lodash.once/-/lodash.once-4.1.1.tgz"
    "version" "4.1.1"
  
  "media-typer@0.3.0":
    "integrity" "sha512-dq+qelQ9akHpcOl/gUVRTxVIOkAJ1wR3QAvb4RsVjS8oVoFjDGTc679wJYmUmknUF5HwMLOgb5O+a3KxfWapPQ=="
    "resolved" "https://registry.npmjs.org/media-typer/-/media-typer-0.3.0.tgz"
    "version" "0.3.0"
  
  "merge-descriptors@1.0.1":
    "integrity" "sha512-cCi6g3/Zr1iqQi6ySbseM1Xvooa98N0w31jzUYrXPX2xqObmFGHJ0tQ5u74H3mVh7wLouTseZyYIq39g8cNp1w=="
    "resolved" "https://registry.npmjs.org/merge-descriptors/-/merge-descriptors-1.0.1.tgz"
    "version" "1.0.1"
  
  "methods@~1.1.2":
    "integrity" "sha512-iclAHeNqNm68zFtnZ0e+1L2yUIdvzNoauKU4WBA3VvH/vPFieF7qfRlwUZU+DA9P9bPXIS90ulxoUoCH23sV2w=="
    "resolved" "https://registry.npmjs.org/methods/-/methods-1.1.2.tgz"
    "version" "1.1.2"
  
  "mime-db@1.52.0":
    "integrity" "sha512-sPU4uV7dYlvtWJxwwxHD0PuihVNiE7TyAbQ5SWxDCB9mUYvOgroQOwYQQOKPJ8CIbE+1ETVlOoK1UC2nU3gYvg=="
    "resolved" "https://registry.npmjs.org/mime-db/-/mime-db-1.52.0.tgz"
    "version" "1.52.0"
  
  "mime-types@~2.1.24", "mime-types@~2.1.34":
    "integrity" "sha512-ZDY+bPm5zTTF+YpCrAU9nK0UgICYPT0QtT1NZWFv4s++TNkcgVaT0g6+4R2uI4MjQjzysHB1zxuWL50hzaeXiw=="
    "resolved" "https://registry.npmjs.org/mime-types/-/mime-types-2.1.35.tgz"
    "version" "2.1.35"
    dependencies:
      "mime-db" "1.52.0"
  
  "mime@1.6.0":
    "integrity" "sha512-x0Vn8spI+wuJ1O6S7gnbaQg8Pxh4NNHb7KSINmEWKiPE4RKOplvijn+NkmYmmRgP68mc70j2EbeTFRsrswaQeg=="
    "resolved" "https://registry.npmjs.org/mime/-/mime-1.6.0.tgz"
    "version" "1.6.0"
  
  "minimist@^1.2.6":
    "integrity" "sha512-Jsjnk4bw3YJqYzbdyBiNsPWHPfO++UGG749Cxs6peCu5Xg4nrena6OVxOYxrQTqww0Jmwt+Ref8rggumkTLz9Q=="
    "resolved" "https://registry.npmjs.org/minimist/-/minimist-1.2.6.tgz"
    "version" "1.2.6"
  
  "mkdirp@^0.5.4":
    "integrity" "sha512-FP+p8RB8OWpF3YZBCrP5gtADmtXApB5AMLn+vdyA+PyxCjrCs00mjyUozssO33cwDeT3wNGdLxJ5M//YqtHAJw=="
    "resolved" "https://registry.npmjs.org/mkdirp/-/mkdirp-0.5.6.tgz"
    "version" "0.5.6"
    dependencies:
      "minimist" "^1.2.6"
  
  "morgan@^1.10.0":
    "integrity" "sha512-AbegBVI4sh6El+1gNwvD5YIck7nSA36weD7xvIxG4in80j/UoK8AEGaWnnz8v1GxonMCltmlNs5ZKbGvl9b1XQ=="
    "resolved" "https://registry.npmjs.org/morgan/-/morgan-1.10.0.tgz"
    "version" "1.10.0"
    dependencies:
      "basic-auth" "~2.0.1"
      "debug" "2.6.9"
      "depd" "~2.0.0"
      "on-finished" "~2.3.0"
      "on-headers" "~1.0.2"
  
  "ms@^2.1.1":
    "integrity" "sha512-6FlzubTLZG3J2a/NVCAleEhjzq5oxgHyaCU9yYXvcLsvoVaHJq/s5xXI6/XXP6tz7R9xAOtHnSO/tXtF3WRTlA=="
    "resolved" "https://registry.npmjs.org/ms/-/ms-2.1.3.tgz"
    "version" "2.1.3"
  
  "ms@2.0.0":
    "integrity" "sha512-Tpp60P6IUJDTuOq/5Z8cdskzJujfwqfOTkrwIwj7IRISpnkJnT6SyJ4PCPnGMoFjC9ddhal5KVIYtAt97ix05A=="
    "resolved" "https://registry.npmjs.org/ms/-/ms-2.0.0.tgz"
    "version" "2.0.0"
  
  "ms@2.1.3":
    "integrity" "sha512-6FlzubTLZG3J2a/NVCAleEhjzq5oxgHyaCU9yYXvcLsvoVaHJq/s5xXI6/XXP6tz7R9xAOtHnSO/tXtF3WRTlA=="
    "resolved" "https://registry.npmjs.org/ms/-/ms-2.1.3.tgz"
    "version" "2.1.3"
  
  "multer-s3@^3.0.1":
    "integrity" "sha512-BFwSO80a5EW4GJRBdUuSHblz2jhVSAze33ZbnGpcfEicoT0iRolx4kWR+AJV07THFRCQ78g+kelKFdjkCCaXeQ=="
    "resolved" "https://registry.npmjs.org/multer-s3/-/multer-s3-3.0.1.tgz"
    "version" "3.0.1"
    dependencies:
      "@aws-sdk/lib-storage" "^3.46.0"
      "file-type" "^3.3.0"
      "html-comment-regex" "^1.1.2"
      "run-parallel" "^1.1.6"
  
  "multer@^1.4.5-lts.1":
    "integrity" "sha512-ywPWvcDMeH+z9gQq5qYHCCy+ethsk4goepZ45GLD63fOu0YcNecQxi64nDs3qluZB+murG3/D4dJ7+dGctcCQQ=="
    "resolved" "https://registry.npmjs.org/multer/-/multer-1.4.5-lts.1.tgz"
    "version" "1.4.5-lts.1"
    dependencies:
      "append-field" "^1.0.0"
      "busboy" "^1.0.0"
      "concat-stream" "^1.5.2"
      "mkdirp" "^0.5.4"
      "object-assign" "^4.1.1"
      "type-is" "^1.6.4"
      "xtend" "^4.0.0"
  
  "negotiator@0.6.3":
    "integrity" "sha512-+EUsqGPLsM+j/zdChZjsnX51g4XrHFOIXwfnCVPGlQk/k5giakcKsuxCObBRu6DSm9opw/O6slWbJdghQM4bBg=="
    "resolved" "https://registry.npmjs.org/negotiator/-/negotiator-0.6.3.tgz"
    "version" "0.6.3"
  
  "object-assign@^4", "object-assign@^4.1.1":
    "integrity" "sha512-rJgTQnkUnH1sFw8yT6VSU3zD3sWmu6sZhIseY8VX+GRu3P6F7Fu+JNDoXfklElbLJSnc3FUQHVe4cU5hj+BcUg=="
    "resolved" "https://registry.npmjs.org/object-assign/-/object-assign-4.1.1.tgz"
    "version" "4.1.1"
  
  "object-inspect@^1.9.0":
    "integrity" "sha512-z+cPxW0QGUp0mcqcsgQyLVRDoXFQbXOwBaqyF7VIgI4TWNQsDHrBpUQslRmIfAoYWdYzs6UlKJtB2XJpTaNSpQ=="
    "resolved" "https://registry.npmjs.org/object-inspect/-/object-inspect-1.12.2.tgz"
    "version" "1.12.2"
  
  "on-finished@~2.3.0":
    "integrity" "sha512-ikqdkGAAyf/X/gPhXGvfgAytDZtDbr+bkNUJ0N9h5MI/dmdgCs3l6hoHrcUv41sRKew3jIwrp4qQDXiK99Utww=="
    "resolved" "https://registry.npmjs.org/on-finished/-/on-finished-2.3.0.tgz"
    "version" "2.3.0"
    dependencies:
      "ee-first" "1.1.1"
  
  "on-finished@2.4.1":
    "integrity" "sha512-oVlzkg3ENAhCk2zdv7IJwd/QUD4z2RxRwpkcGY8psCVcCYZNq4wYnVWALHM+brtuJjePWiYF/ClmuDr8Ch5+kg=="
    "resolved" "https://registry.npmjs.org/on-finished/-/on-finished-2.4.1.tgz"
    "version" "2.4.1"
    dependencies:
      "ee-first" "1.1.1"
  
  "on-headers@~1.0.2":
    "integrity" "sha512-pZAE+FJLoyITytdqK0U5s+FIpjN0JP3OzFi/u8Rx+EV5/W+JTWGXG8xFzevE7AjBfDqHv/8vL8qQsIhHnqRkrA=="
    "resolved" "https://registry.npmjs.org/on-headers/-/on-headers-1.0.2.tgz"
    "version" "1.0.2"
  
  "parseurl@~1.3.3":
    "integrity" "sha512-CiyeOxFT/JZyN5m0z9PfXw4SCBJ6Sygz1Dpl0wqjlhDEGGBP1GnsUVEL0p63hoG1fcj3fHynXi9NYO4nWOL+qQ=="
    "resolved" "https://registry.npmjs.org/parseurl/-/parseurl-1.3.3.tgz"
    "version" "1.3.3"
  
  "path-to-regexp@0.1.7":
    "integrity" "sha512-5DFkuoqlv1uYQKxy8omFBeJPQcdoE07Kv2sferDCrAq1ohOU+MSDswDIbnx3YAM60qIOnYa53wBhXW0EbMonrQ=="
    "resolved" "https://registry.npmjs.org/path-to-regexp/-/path-to-regexp-0.1.7.tgz"
    "version" "0.1.7"
  
  "prisma@*", "prisma@^4.4.0":
    "integrity" "sha512-l/QKLmLcKJQFuc+X02LyICo0NWTUVaNNZ00jKJBqwDyhwMAhboD1FWwYV50rkH4Wls0RviAJSFzkC2ZrfawpfA=="
    "resolved" "https://registry.npmjs.org/prisma/-/prisma-4.4.0.tgz"
    "version" "4.4.0"
    dependencies:
      "@prisma/engines" "4.4.0"
  
  "process-nextick-args@~2.0.0":
    "integrity" "sha512-3ouUOpQhtgrbOa17J7+uxOTpITYWaGP7/AhoR3+A+/1e9skrzelGi/dXzEYyvbxubEF6Wn2ypscTKiKJFFn1ag=="
    "resolved" "https://registry.npmjs.org/process-nextick-args/-/process-nextick-args-2.0.1.tgz"
    "version" "2.0.1"
  
  "proxy-addr@~2.0.7":
    "integrity" "sha512-llQsMLSUDUPT44jdrU/O37qlnifitDP+ZwrmmZcoSKyLKvtZxpyV0n2/bD/N4tBAAZ/gJEdZU7KMraoK1+XYAg=="
    "resolved" "https://registry.npmjs.org/proxy-addr/-/proxy-addr-2.0.7.tgz"
    "version" "2.0.7"
    dependencies:
      "forwarded" "0.2.0"
      "ipaddr.js" "1.9.1"
  
  "qs@6.10.3":
    "integrity" "sha512-wr7M2E0OFRfIfJZjKGieI8lBKb7fRCH4Fv5KNPEs7gJ8jadvotdsS08PzOKR7opXhZ/Xkjtt3WF9g38drmyRqQ=="
    "resolved" "https://registry.npmjs.org/qs/-/qs-6.10.3.tgz"
    "version" "6.10.3"
    dependencies:
      "side-channel" "^1.0.4"
  
  "qs@6.11.0":
    "integrity" "sha512-MvjoMCJwEarSbUYk5O+nmoSzSutSsTwF85zcHPQ9OrlFoZOYIjaqBAJIqIXjptyD5vThxGq52Xu/MaJzRkIk4Q=="
    "resolved" "https://registry.npmjs.org/qs/-/qs-6.11.0.tgz"
    "version" "6.11.0"
    dependencies:
      "side-channel" "^1.0.4"
  
  "queue-microtask@^1.2.2":
    "integrity" "sha512-NuaNSa6flKT5JaSYQzJok04JzTL1CA6aGhv5rfLW3PgqA+M2ChpZQnAC8h8i4ZFkBS8X5RqkDBHA7r4hej3K9A=="
    "resolved" "https://registry.npmjs.org/queue-microtask/-/queue-microtask-1.2.3.tgz"
    "version" "1.2.3"
  
  "range-parser@~1.2.1":
    "integrity" "sha512-Hrgsx+orqoygnmhFbKaHE6c296J+HTAQXoxEF6gNupROmmGJRoyzfG3ccAveqCBrwr/2yxQ5BVd/GTl5agOwSg=="
    "resolved" "https://registry.npmjs.org/range-parser/-/range-parser-1.2.1.tgz"
    "version" "1.2.1"
  
  "raw-body@2.5.1":
    "integrity" "sha512-qqJBtEyVgS0ZmPGdCFPWJ3FreoqvG4MVQln/kCgF7Olq95IbOp0/BWyMwbdtn4VTvkM8Y7khCQ2Xgk/tcrCXig=="
    "resolved" "https://registry.npmjs.org/raw-body/-/raw-body-2.5.1.tgz"
    "version" "2.5.1"
    dependencies:
      "bytes" "3.1.2"
      "http-errors" "2.0.0"
      "iconv-lite" "0.4.24"
      "unpipe" "1.0.0"
  
  "readable-stream@^2.2.2":
    "integrity" "sha512-Ebho8K4jIbHAxnuxi7o42OrZgF/ZTNcsZj6nRKyUmkhLFq8CHItp/fy6hQZuZmP/n3yZ9VBUbp4zz/mX8hmYPw=="
    "resolved" "https://registry.npmjs.org/readable-stream/-/readable-stream-2.3.7.tgz"
    "version" "2.3.7"
    dependencies:
      "core-util-is" "~1.0.0"
      "inherits" "~2.0.3"
      "isarray" "~1.0.0"
      "process-nextick-args" "~2.0.0"
      "safe-buffer" "~5.1.1"
      "string_decoder" "~1.1.1"
      "util-deprecate" "~1.0.1"
  
  "readable-stream@^3.5.0":
    "integrity" "sha512-BViHy7LKeTz4oNnkcLJ+lVSL6vpiFeX6/d3oSH8zCW7UxP2onchk+vTGB143xuFjHS3deTgkKoXXymXqymiIdA=="
    "resolved" "https://registry.npmjs.org/readable-stream/-/readable-stream-3.6.0.tgz"
    "version" "3.6.0"
    dependencies:
      "inherits" "^2.0.3"
      "string_decoder" "^1.1.1"
      "util-deprecate" "^1.0.1"
  
  "run-parallel@^1.1.6":
    "integrity" "sha512-5l4VyZR86LZ/lDxZTR6jqL8AFE2S0IFLMP26AbjsLVADxHdhB/c0GUsH+y39UfCi3dzz8OlQuPmnaJOMoDHQBA=="
    "resolved" "https://registry.npmjs.org/run-parallel/-/run-parallel-1.2.0.tgz"
    "version" "1.2.0"
    dependencies:
      "queue-microtask" "^1.2.2"
  
  "safe-buffer@^5.0.1", "safe-buffer@5.2.1":
    "integrity" "sha512-rp3So07KcdmmKbGvgaNxQSJr7bGVSVk5S9Eq1F+ppbRo70+YeaDxkw5Dd8NPN+GD6bjnYm2VuPuCXmpuYvmCXQ=="
    "resolved" "https://registry.npmjs.org/safe-buffer/-/safe-buffer-5.2.1.tgz"
    "version" "5.2.1"
  
  "safe-buffer@~5.1.0":
    "integrity" "sha512-Gd2UZBJDkXlY7GbJxfsE8/nvKkUEU1G38c1siN6QP6a9PT9MmHB8GnpscSmMJSoF8LOIrt8ud/wPtojys4G6+g=="
    "resolved" "https://registry.npmjs.org/safe-buffer/-/safe-buffer-5.1.2.tgz"
    "version" "5.1.2"
  
  "safe-buffer@~5.1.1":
    "integrity" "sha512-Gd2UZBJDkXlY7GbJxfsE8/nvKkUEU1G38c1siN6QP6a9PT9MmHB8GnpscSmMJSoF8LOIrt8ud/wPtojys4G6+g=="
    "resolved" "https://registry.npmjs.org/safe-buffer/-/safe-buffer-5.1.2.tgz"
    "version" "5.1.2"
  
  "safe-buffer@5.1.2":
    "integrity" "sha512-Gd2UZBJDkXlY7GbJxfsE8/nvKkUEU1G38c1siN6QP6a9PT9MmHB8GnpscSmMJSoF8LOIrt8ud/wPtojys4G6+g=="
    "resolved" "https://registry.npmjs.org/safe-buffer/-/safe-buffer-5.1.2.tgz"
    "version" "5.1.2"
  
  "safer-buffer@>= 2.1.2 < 3":
    "integrity" "sha512-YZo3K82SD7Riyi0E1EQPojLz7kpepnSQI9IyPbHHg1XXXevb5dJI7tpyN2ADxGcQbHG7vcyRHk0cbwqcQriUtg=="
    "resolved" "https://registry.npmjs.org/safer-buffer/-/safer-buffer-2.1.2.tgz"
    "version" "2.1.2"
  
  "semver@^5.6.0":
    "integrity" "sha512-sauaDf/PZdVgrLTNYHRtpXa1iRiKcaebiKQ1BJdpQlWH2lCvexQdX55snPFyK7QzpudqbCI0qXFfOasHdyNDGQ=="
    "resolved" "https://registry.npmjs.org/semver/-/semver-5.7.1.tgz"
    "version" "5.7.1"
  
  "send@0.18.0":
    "integrity" "sha512-qqWzuOjSFOuqPjFe4NOsMLafToQQwBSOEpS+FwEt3A2V3vKubTquT3vmLTQpFgMXp8AlFWFuP1qKaJZOtPpVXg=="
    "resolved" "https://registry.npmjs.org/send/-/send-0.18.0.tgz"
    "version" "0.18.0"
    dependencies:
      "debug" "2.6.9"
      "depd" "2.0.0"
      "destroy" "1.2.0"
      "encodeurl" "~1.0.2"
      "escape-html" "~1.0.3"
      "etag" "~1.8.1"
      "fresh" "0.5.2"
      "http-errors" "2.0.0"
      "mime" "1.6.0"
      "ms" "2.1.3"
      "on-finished" "2.4.1"
      "range-parser" "~1.2.1"
      "statuses" "2.0.1"
  
  "serve-static@1.15.0":
    "integrity" "sha512-XGuRDNjXUijsUL0vl6nSD7cwURuzEgglbOaFuZM9g3kwDXOWVTck0jLzjPzGD+TazWbboZYu52/9/XPdUgne9g=="
    "resolved" "https://registry.npmjs.org/serve-static/-/serve-static-1.15.0.tgz"
    "version" "1.15.0"
    dependencies:
      "encodeurl" "~1.0.2"
      "escape-html" "~1.0.3"
      "parseurl" "~1.3.3"
      "send" "0.18.0"
  
  "setprototypeof@1.2.0":
    "integrity" "sha512-E5LDX7Wrp85Kil5bhZv46j8jOeboKq5JMmYM3gVGdGH8xFpPWXUMsNrlODCrkoxMEeNi/XZIwuRvY4XNwYMJpw=="
    "resolved" "https://registry.npmjs.org/setprototypeof/-/setprototypeof-1.2.0.tgz"
    "version" "1.2.0"
  
  "side-channel@^1.0.4":
    "integrity" "sha512-q5XPytqFEIKHkGdiMIrY10mvLRvnQh42/+GoBlFW3b2LXLE2xxJpZFdm94we0BaoV3RwJyGqg5wS7epxTv0Zvw=="
    "resolved" "https://registry.npmjs.org/side-channel/-/side-channel-1.0.4.tgz"
    "version" "1.0.4"
    dependencies:
      "call-bind" "^1.0.0"
      "get-intrinsic" "^1.0.2"
      "object-inspect" "^1.9.0"
  
  "statuses@2.0.1":
    "integrity" "sha512-RwNA9Z/7PrK06rYLIzFMlaF+l73iwpzsqRIFgbMLbTcLD6cOao82TaWefPXQvB2fOC4AjuYSEndS7N/mTCbkdQ=="
    "resolved" "https://registry.npmjs.org/statuses/-/statuses-2.0.1.tgz"
    "version" "2.0.1"
  
  "stream-browserify@3.0.0":
    "integrity" "sha512-H73RAHsVBapbim0tU2JwwOiXUj+fikfiaoYAKHF3VJfA0pe2BCzkhAHBlLG6REzE+2WNZcxOXjK7lkso+9euLA=="
    "resolved" "https://registry.npmjs.org/stream-browserify/-/stream-browserify-3.0.0.tgz"
    "version" "3.0.0"
    dependencies:
      "inherits" "~2.0.4"
      "readable-stream" "^3.5.0"
  
  "streamsearch@^1.1.0":
    "integrity" "sha512-Mcc5wHehp9aXz1ax6bZUyY5afg9u2rv5cqQI3mRrYkGC8rW2hM02jWuwjtL++LS5qinSyhj2QfLyNsuc+VsExg=="
    "resolved" "https://registry.npmjs.org/streamsearch/-/streamsearch-1.1.0.tgz"
    "version" "1.1.0"
  
  "string_decoder@^1.1.1", "string_decoder@~1.1.1":
    "integrity" "sha512-n/ShnvDi6FHbbVfviro+WojiFzv+s8MPMHBczVePfUpDJLwoLT0ht1l4YwBCbi8pJAveEEdnkHyPyTP/mzRfwg=="
    "resolved" "https://registry.npmjs.org/string_decoder/-/string_decoder-1.1.1.tgz"
    "version" "1.1.1"
    dependencies:
      "safe-buffer" "~5.1.0"
  
  "toidentifier@1.0.1":
    "integrity" "sha512-o5sSPKEkg/DIQNmH43V0/uerLrpzVedkUh8tGNvaeXpfpuwjKenlSox/2O/BTlZUtEe+JG7s5YhEz608PlAHRA=="
    "resolved" "https://registry.npmjs.org/toidentifier/-/toidentifier-1.0.1.tgz"
    "version" "1.0.1"
  
  "tslib@^1.11.1":
    "integrity" "sha512-Xni35NKzjgMrwevysHTCArtLDpPvye8zV/0E4EyYn43P7/7qvQwPh9BGkHewbMulVntbigmcT7rdX3BNo9wRJg=="
    "resolved" "https://registry.npmjs.org/tslib/-/tslib-1.14.1.tgz"
    "version" "1.14.1"
  
  "tslib@^2.3.1":
    "integrity" "sha512-d6xOpEDfsi2CZVlPQzGeux8XMwLT9hssAsaPYExaQMuYskwb+x1x7J371tWlbBdWHroy99KnVB6qIkUbs5X3UQ=="
    "resolved" "https://registry.npmjs.org/tslib/-/tslib-2.4.0.tgz"
    "version" "2.4.0"
  
  "type-is@^1.6.4", "type-is@~1.6.18":
    "integrity" "sha512-TkRKr9sUTxEH8MdfuCSP7VizJyzRNMjj2J2do2Jr3Kym598JVdEksuzPQCnlFPW4ky9Q+iA+ma9BGm06XQBy8g=="
    "resolved" "https://registry.npmjs.org/type-is/-/type-is-1.6.18.tgz"
    "version" "1.6.18"
    dependencies:
      "media-typer" "0.3.0"
      "mime-types" "~2.1.24"
  
  "typedarray@^0.0.6":
    "integrity" "sha512-/aCDEGatGvZ2BIk+HmLf4ifCJFwvKFNb9/JeZPMulfgFracn9QFcAf5GO8B/mweUjSoblS5In0cWhqpfs/5PQA=="
    "resolved" "https://registry.npmjs.org/typedarray/-/typedarray-0.0.6.tgz"
    "version" "0.0.6"
  
  "unpipe@~1.0.0", "unpipe@1.0.0":
    "integrity" "sha512-pjy2bYhSsufwWlKwPc+l3cN7+wuJlK6uz0YdJEOlQDbl6jo/YlPi4mb8agUkVC8BF7V8NuzeyPNqRksA3hztKQ=="
    "resolved" "https://registry.npmjs.org/unpipe/-/unpipe-1.0.0.tgz"
    "version" "1.0.0"
  
  "util-deprecate@^1.0.1", "util-deprecate@~1.0.1":
    "integrity" "sha512-EPD5q1uXyFxJpCrLnCc1nHnq3gOa6DZBocAIiI2TaSCA7VCJ1UJDMagCzIkXNsUYfD1daK//LTEQ8xiIbrHtcw=="
    "resolved" "https://registry.npmjs.org/util-deprecate/-/util-deprecate-1.0.2.tgz"
    "version" "1.0.2"
  
  "utils-merge@1.0.1":
    "integrity" "sha512-pMZTvIkT1d+TFGvDOqodOclx0QWkkgi6Tdoa8gC8ffGAAqz9pzPTZWAybbsHHoED/ztMtkv/VoYTYyShUn81hA=="
    "resolved" "https://registry.npmjs.org/utils-merge/-/utils-merge-1.0.1.tgz"
    "version" "1.0.1"
  
  "uuid@^8.3.2":
    "integrity" "sha512-+NYs2QeMWy+GWFOEm9xnn6HCDp0l7QBD7ml8zLUmJ+93Q5NF0NocErnwkTkXVFNiX3/fpC6afS8Dhb/gz7R7eg=="
    "resolved" "https://registry.npmjs.org/uuid/-/uuid-8.3.2.tgz"
    "version" "8.3.2"
  
  "vary@^1", "vary@~1.1.2":
    "integrity" "sha512-BNGbWLfd0eUPabhkXUVm0j8uuvREyTh5ovRa/dyow/BqAbZJyC+5fU+IzQOzmAKzYqYRAISoRhdQr3eIZ/PXqg=="
    "resolved" "https://registry.npmjs.org/vary/-/vary-1.1.2.tgz"
    "version" "1.1.2"
  
  "when@>= 0.0.1":
    "integrity" "sha512-5cZ7mecD3eYcMiCH4wtRPA5iFJZ50BJYDfckI5RRpQiktMiYTcn0ccLTZOvcbBume+1304fQztxeNzNS9Gvrnw=="
    "resolved" "https://registry.npmjs.org/when/-/when-3.7.8.tgz"
    "version" "3.7.8"
  
  "which@^1.1.1":
    "integrity" "sha512-HxJdYWq1MTIQbJ3nw0cqssHoTNU267KlrDuGZ1WYlxDStUtKUhOaJmh112/TZmHxxUfuJqPXSOm7tDyas0OSIQ=="
    "resolved" "https://registry.npmjs.org/which/-/which-1.3.1.tgz"
    "version" "1.3.1"
    dependencies:
      "isexe" "^2.0.0"
  
  "xtend@^4.0.0":
    "integrity" "sha512-LKYU1iAXJXUgAXn9URjiu+MWhyUXHsvfp7mcuYm9dSUKK0/CjtrUwFAxD82/mCWbtLsGjFIad0wIsod4zrTAEQ=="
    "resolved" "https://registry.npmjs.org/xtend/-/xtend-4.0.2.tgz"
    "version" "4.0.2"
